2025-05-17 07:50:21 - [m-10601] Starting Member Node: m-10601
2025-05-17 07:50:21 - [m-10601] Loading config: /mnt/workarea/H-SBP/config/hsbp_config.json
2025-05-17 07:50:21 - [m-10601] Loading secrets: /mnt/workarea/H-SBP/config/hsbp_secrets.json
2025-05-17 07:50:21 - [m-10601] Loaded DH params...
2025-05-17 07:50:21 - [m-10601] Loading CH public key: /mnt/workarea/H-SBP/keys/ch1_public.pem
2025-05-17 07:50:21 - [m-10601] Starting node m-10601 as MEMBER in Cluster 1
2025-05-17 07:50:21 - [m-10601] My CH is ch-1. Target CH Address: ('172.16.0.2', 5001)
2025-05-17 07:50:21 - [m-10601] Listening for cluster broadcasts on UDP ('172.16.0.255', 6001)
2025-05-17 07:50:21 - [m-10601] Successfully bound UDP listener to ('172.16.0.255', 6001)
2025-05-17 07:50:21 - [m-10601] Attempt 1: Connecting to CH ch-1 at ('172.16.0.2', 5001)
2025-05-17 07:50:21 - [m-10601] Connected to CH via TCP.
2025-05-17 07:50:21 - [m-10601] Sending ID: ID:m-10601
2025-05-17 07:50:21 - [m-10601] Sending T_i: T_I:46713907177096841564084689781682501905961636889467928965769519328370053110074
2025-05-17 07:50:21 - [m-10601] ID and T_i sent.
2025-05-17 07:50:21 - [m-10601] Listening on UDP ('172.16.0.255', 6001) for cluster messages...
2025-05-17 07:50:21 - [m-10601] Processing KEY_UPDATE from CH...
2025-05-17 07:50:21 - [m-10601] Detected minimal join update format.
2025-05-17 07:50:21 - [m-10601] Computing cluster key as the JOINING member...
2025-05-17 07:50:21 - [m-10601] Computed initial K_cluster as JOINER: 617789915801237748275240880574... (took 0.393 ms)
2025-05-17 07:50:21 - [m-10601] [MEMBER] Execution time for joining key computation: 0.393 ms
2025-05-17 07:50:23 - [m-10601] Received all 67 fragments for message 1747468223.748976. Reassembling...
2025-05-17 07:50:23 - [m-10601] Reassembly successful for 1747468223.748976. Processing.
2025-05-17 07:50:23 - [m-10601] Processing KEY_UPDATE from CH...
2025-05-17 07:50:23 - [m-10601] Processing full state update format.
2025-05-17 07:50:23 - [m-10601] Received Cluster State: Seq=['ch-1', 'm-10001', 'm-10002', 'm-10003', 'm-10004', 'm-10005', 'm-10006', 'm-10007', 'm-10008', 'm-10009', 'm-10010', 'm-10011', 'm-10012', 'm-10013', 'm-10014', 'm-10015', 'm-10016', 'm-10017', 'm-10018', 'm-10019', 'm-10020', 'm-10021', 'm-10022', 'm-10023', 'm-10024', 'm-10025', 'm-10026', 'm-10027', 'm-10028', 'm-10029', 'm-10030', 'm-10031', 'm-10032', 'm-10033', 'm-10034', 'm-10035', 'm-10036', 'm-10037', 'm-10038', 'm-10039', 'm-10040', 'm-10041', 'm-10042', 'm-10043', 'm-10044', 'm-10045', 'm-10046', 'm-10047', 'm-10048', 'm-10049', 'm-10050', 'm-10051', 'm-10052', 'm-10053', 'm-10054', 'm-10055', 'm-10056', 'm-10057', 'm-10058', 'm-10059', 'm-10060', 'm-10061', 'm-10062', 'm-10063', 'm-10064', 'm-10065', 'm-10066', 'm-10067', 'm-10068', 'm-10069', 'm-10070', 'm-10071', 'm-10072', 'm-10073', 'm-10074', 'm-10075', 'm-10076', 'm-10077', 'm-10078', 'm-10079', 'm-10080', 'm-10081', 'm-10082', 'm-10083', 'm-10084', 'm-10085', 'm-10086', 'm-10087', 'm-10088', 'm-10089', 'm-10090', 'm-10091', 'm-10092', 'm-10093', 'm-10094', 'm-10095', 'm-10096', 'm-10097', 'm-10098', 'm-10099', 'm-10100', 'm-10101', 'm-10102', 'm-10103', 'm-10104', 'm-10105', 'm-10106', 'm-10107', 'm-10108', 'm-10109', 'm-10110', 'm-10111', 'm-10112', 'm-10113', 'm-10114', 'm-10115', 'm-10116', 'm-10117', 'm-10118', 'm-10119', 'm-10120', 'm-10121', 'm-10122', 'm-10123', 'm-10124', 'm-10125', 'm-10126', 'm-10127', 'm-10128', 'm-10129', 'm-10130', 'm-10131', 'm-10132', 'm-10133', 'm-10134', 'm-10135', 'm-10136', 'm-10137', 'm-10138', 'm-10139', 'm-10140', 'm-10141', 'm-10142', 'm-10143', 'm-10144', 'm-10145', 'm-10146', 'm-10147', 'm-10148', 'm-10149', 'm-10150', 'm-10151', 'm-10152', 'm-10153', 'm-10154', 'm-10155', 'm-10156', 'm-10157', 'm-10158', 'm-10159', 'm-10160', 'm-10161', 'm-10162', 'm-10163', 'm-10164', 'm-10165', 'm-10166', 'm-10167', 'm-10168', 'm-10169', 'm-10170', 'm-10171', 'm-10172', 'm-10173', 'm-10174', 'm-10175', 'm-10176', 'm-10177', 'm-10178', 'm-10179', 'm-10180', 'm-10181', 'm-10182', 'm-10183', 'm-10184', 'm-10185', 'm-10186', 'm-10187', 'm-10188', 'm-10189', 'm-10190', 'm-10191', 'm-10192', 'm-10193', 'm-10194', 'm-10195', 'm-10196', 'm-10197', 'm-10198', 'm-10199', 'm-10200', 'm-10201', 'm-10202', 'm-10203', 'm-10204', 'm-10205', 'm-10206', 'm-10207', 'm-10208', 'm-10209', 'm-10210', 'm-10211', 'm-10212', 'm-10213', 'm-10214', 'm-10215', 'm-10216', 'm-10217', 'm-10218', 'm-10219', 'm-10220', 'm-10221', 'm-10222', 'm-10223', 'm-10224', 'm-10225', 'm-10226', 'm-10227', 'm-10228', 'm-10229', 'm-10230', 'm-10231', 'm-10232', 'm-10233', 'm-10234', 'm-10235', 'm-10236', 'm-10237', 'm-10238', 'm-10239', 'm-10240', 'm-10241', 'm-10242', 'm-10243', 'm-10244', 'm-10245', 'm-10246', 'm-10247', 'm-10248', 'm-10249', 'm-10250', 'm-10251', 'm-10252', 'm-10253', 'm-10254', 'm-10255', 'm-10256', 'm-10257', 'm-10258', 'm-10259', 'm-10260', 'm-10261', 'm-10262', 'm-10263', 'm-10264', 'm-10265', 'm-10266', 'm-10267', 'm-10268', 'm-10269', 'm-10270', 'm-10271', 'm-10272', 'm-10273', 'm-10274', 'm-10275', 'm-10276', 'm-10277', 'm-10278', 'm-10279', 'm-10280', 'm-10281', 'm-10282', 'm-10283', 'm-10284', 'm-10285', 'm-10286', 'm-10287', 'm-10288', 'm-10289', 'm-10290', 'm-10291', 'm-10292', 'm-10293', 'm-10294', 'm-10295', 'm-10296', 'm-10297', 'm-10298', 'm-10299', 'm-10300', 'm-10301', 'm-10302', 'm-10303', 'm-10304', 'm-10305', 'm-10306', 'm-10307', 'm-10308', 'm-10309', 'm-10310', 'm-10311', 'm-10312', 'm-10313', 'm-10314', 'm-10315', 'm-10316', 'm-10317', 'm-10318', 'm-10319', 'm-10320', 'm-10321', 'm-10322', 'm-10323', 'm-10324', 'm-10325', 'm-10326', 'm-10327', 'm-10328', 'm-10329', 'm-10330', 'm-10331', 'm-10332', 'm-10333', 'm-10334', 'm-10335', 'm-10336', 'm-10337', 'm-10338', 'm-10339', 'm-10340', 'm-10341', 'm-10342', 'm-10343', 'm-10344', 'm-10345', 'm-10346', 'm-10347', 'm-10348', 'm-10349', 'm-10350', 'm-10351', 'm-10352', 'm-10353', 'm-10354', 'm-10355', 'm-10356', 'm-10357', 'm-10358', 'm-10359', 'm-10360', 'm-10361', 'm-10362', 'm-10363', 'm-10364', 'm-10365', 'm-10366', 'm-10367', 'm-10368', 'm-10369', 'm-10370', 'm-10371', 'm-10372', 'm-10373', 'm-10374', 'm-10375', 'm-10376', 'm-10377', 'm-10378', 'm-10379', 'm-10380', 'm-10381', 'm-10382', 'm-10383', 'm-10384', 'm-10385', 'm-10386', 'm-10387', 'm-10388', 'm-10389', 'm-10390', 'm-10391', 'm-10392', 'm-10393', 'm-10394', 'm-10395', 'm-10396', 'm-10397', 'm-10398', 'm-10399', 'm-10400', 'm-10401', 'm-10402', 'm-10403', 'm-10404', 'm-10405', 'm-10406', 'm-10407', 'm-10408', 'm-10409', 'm-10410', 'm-10411', 'm-10412', 'm-10413', 'm-10414', 'm-10415', 'm-10416', 'm-10417', 'm-10418', 'm-10419', 'm-10420', 'm-10421', 'm-10422', 'm-10423', 'm-10424', 'm-10425', 'm-10426', 'm-10427', 'm-10428', 'm-10429', 'm-10430', 'm-10431', 'm-10432', 'm-10433', 'm-10434', 'm-10435', 'm-10436', 'm-10437', 'm-10438', 'm-10439', 'm-10440', 'm-10441', 'm-10442', 'm-10443', 'm-10444', 'm-10445', 'm-10446', 'm-10447', 'm-10448', 'm-10449', 'm-10450', 'm-10451', 'm-10452', 'm-10453', 'm-10454', 'm-10455', 'm-10456', 'm-10457', 'm-10458', 'm-10459', 'm-10460', 'm-10461', 'm-10462', 'm-10463', 'm-10464', 'm-10465', 'm-10466', 'm-10467', 'm-10468', 'm-10469', 'm-10470', 'm-10471', 'm-10472', 'm-10473', 'm-10474', 'm-10475', 'm-10476', 'm-10477', 'm-10478', 'm-10479', 'm-10480', 'm-10481', 'm-10482', 'm-10483', 'm-10484', 'm-10485', 'm-10486', 'm-10487', 'm-10488', 'm-10489', 'm-10490', 'm-10491', 'm-10492', 'm-10493', 'm-10494', 'm-10495', 'm-10496', 'm-10497', 'm-10498', 'm-10499', 'm-10500', 'm-10601']
2025-05-17 07:50:23 - [m-10601] Attempting to compute cluster key from full state...
2025-05-17 07:50:23 - [m-10601] Computed new cluster key K_cluster (from full state): 471269197698382137510233217426... (took 0.231 ms)
2025-05-17 07:50:23 - [m-10601] [MEMBER] Execution time for key computation (full state): 0.231 ms
2025-05-17 07:50:57 - [m-10601] Starting Member Node: m-10601
2025-05-17 07:50:57 - [m-10601] Loading config: /mnt/workarea/H-SBP/config/hsbp_config.json
2025-05-17 07:50:57 - [m-10601] Loading secrets: /mnt/workarea/H-SBP/config/hsbp_secrets.json
2025-05-17 07:50:57 - [m-10601] Loaded DH params...
2025-05-17 07:50:57 - [m-10601] Loading CH public key: /mnt/workarea/H-SBP/keys/ch1_public.pem
2025-05-17 07:50:57 - [m-10601] Starting node m-10601 as MEMBER in Cluster 1
2025-05-17 07:50:57 - [m-10601] My CH is ch-1. Target CH Address: ('172.16.0.2', 5001)
2025-05-17 07:50:57 - [m-10601] Listening for cluster broadcasts on UDP ('172.16.0.255', 6001)
2025-05-17 07:50:57 - [m-10601] Successfully bound UDP listener to ('172.16.0.255', 6001)
2025-05-17 07:50:57 - [m-10601] Attempt 1: Connecting to CH ch-1 at ('172.16.0.2', 5001)
2025-05-17 07:50:57 - [m-10601] Connected to CH via TCP.
2025-05-17 07:50:57 - [m-10601] Sending ID: ID:m-10601
2025-05-17 07:50:57 - [m-10601] Sending T_i: T_I:46713907177096841564084689781682501905961636889467928965769519328370053110074
2025-05-17 07:50:57 - [m-10601] ID and T_i sent.
2025-05-17 07:50:57 - [m-10601] Listening on UDP ('172.16.0.255', 6001) for cluster messages...
2025-05-17 07:50:57 - [m-10601] Processing KEY_UPDATE from CH...
2025-05-17 07:50:57 - [m-10601] Detected minimal join update format.
2025-05-17 07:50:57 - [m-10601] Computing cluster key as the JOINING member...
2025-05-17 07:50:57 - [m-10601] Computed initial K_cluster as JOINER: 617789915801237748275240880574... (took 0.228 ms)
2025-05-17 07:50:57 - [m-10601] [MEMBER] Execution time for joining key computation: 0.228 ms
2025-05-17 07:50:59 - [m-10601] Received all 67 fragments for message 1747468259.922867. Reassembling...
2025-05-17 07:50:59 - [m-10601] Reassembly successful for 1747468259.922867. Processing.
2025-05-17 07:50:59 - [m-10601] Processing KEY_UPDATE from CH...
2025-05-17 07:50:59 - [m-10601] Processing full state update format.
2025-05-17 07:50:59 - [m-10601] Received Cluster State: Seq=['ch-1', 'm-10001', 'm-10002', 'm-10003', 'm-10004', 'm-10005', 'm-10006', 'm-10007', 'm-10008', 'm-10009', 'm-10010', 'm-10011', 'm-10012', 'm-10013', 'm-10014', 'm-10015', 'm-10016', 'm-10017', 'm-10018', 'm-10019', 'm-10020', 'm-10021', 'm-10022', 'm-10023', 'm-10024', 'm-10025', 'm-10026', 'm-10027', 'm-10028', 'm-10029', 'm-10030', 'm-10031', 'm-10032', 'm-10033', 'm-10034', 'm-10035', 'm-10036', 'm-10037', 'm-10038', 'm-10039', 'm-10040', 'm-10041', 'm-10042', 'm-10043', 'm-10044', 'm-10045', 'm-10046', 'm-10047', 'm-10048', 'm-10049', 'm-10050', 'm-10051', 'm-10052', 'm-10053', 'm-10054', 'm-10055', 'm-10056', 'm-10057', 'm-10058', 'm-10059', 'm-10060', 'm-10061', 'm-10062', 'm-10063', 'm-10064', 'm-10065', 'm-10066', 'm-10067', 'm-10068', 'm-10069', 'm-10070', 'm-10071', 'm-10072', 'm-10073', 'm-10074', 'm-10075', 'm-10076', 'm-10077', 'm-10078', 'm-10079', 'm-10080', 'm-10081', 'm-10082', 'm-10083', 'm-10084', 'm-10085', 'm-10086', 'm-10087', 'm-10088', 'm-10089', 'm-10090', 'm-10091', 'm-10092', 'm-10093', 'm-10094', 'm-10095', 'm-10096', 'm-10097', 'm-10098', 'm-10099', 'm-10100', 'm-10101', 'm-10102', 'm-10103', 'm-10104', 'm-10105', 'm-10106', 'm-10107', 'm-10108', 'm-10109', 'm-10110', 'm-10111', 'm-10112', 'm-10113', 'm-10114', 'm-10115', 'm-10116', 'm-10117', 'm-10118', 'm-10119', 'm-10120', 'm-10121', 'm-10122', 'm-10123', 'm-10124', 'm-10125', 'm-10126', 'm-10127', 'm-10128', 'm-10129', 'm-10130', 'm-10131', 'm-10132', 'm-10133', 'm-10134', 'm-10135', 'm-10136', 'm-10137', 'm-10138', 'm-10139', 'm-10140', 'm-10141', 'm-10142', 'm-10143', 'm-10144', 'm-10145', 'm-10146', 'm-10147', 'm-10148', 'm-10149', 'm-10150', 'm-10151', 'm-10152', 'm-10153', 'm-10154', 'm-10155', 'm-10156', 'm-10157', 'm-10158', 'm-10159', 'm-10160', 'm-10161', 'm-10162', 'm-10163', 'm-10164', 'm-10165', 'm-10166', 'm-10167', 'm-10168', 'm-10169', 'm-10170', 'm-10171', 'm-10172', 'm-10173', 'm-10174', 'm-10175', 'm-10176', 'm-10177', 'm-10178', 'm-10179', 'm-10180', 'm-10181', 'm-10182', 'm-10183', 'm-10184', 'm-10185', 'm-10186', 'm-10187', 'm-10188', 'm-10189', 'm-10190', 'm-10191', 'm-10192', 'm-10193', 'm-10194', 'm-10195', 'm-10196', 'm-10197', 'm-10198', 'm-10199', 'm-10200', 'm-10201', 'm-10202', 'm-10203', 'm-10204', 'm-10205', 'm-10206', 'm-10207', 'm-10208', 'm-10209', 'm-10210', 'm-10211', 'm-10212', 'm-10213', 'm-10214', 'm-10215', 'm-10216', 'm-10217', 'm-10218', 'm-10219', 'm-10220', 'm-10221', 'm-10222', 'm-10223', 'm-10224', 'm-10225', 'm-10226', 'm-10227', 'm-10228', 'm-10229', 'm-10230', 'm-10231', 'm-10232', 'm-10233', 'm-10234', 'm-10235', 'm-10236', 'm-10237', 'm-10238', 'm-10239', 'm-10240', 'm-10241', 'm-10242', 'm-10243', 'm-10244', 'm-10245', 'm-10246', 'm-10247', 'm-10248', 'm-10249', 'm-10250', 'm-10251', 'm-10252', 'm-10253', 'm-10254', 'm-10255', 'm-10256', 'm-10257', 'm-10258', 'm-10259', 'm-10260', 'm-10261', 'm-10262', 'm-10263', 'm-10264', 'm-10265', 'm-10266', 'm-10267', 'm-10268', 'm-10269', 'm-10270', 'm-10271', 'm-10272', 'm-10273', 'm-10274', 'm-10275', 'm-10276', 'm-10277', 'm-10278', 'm-10279', 'm-10280', 'm-10281', 'm-10282', 'm-10283', 'm-10284', 'm-10285', 'm-10286', 'm-10287', 'm-10288', 'm-10289', 'm-10290', 'm-10291', 'm-10292', 'm-10293', 'm-10294', 'm-10295', 'm-10296', 'm-10297', 'm-10298', 'm-10299', 'm-10300', 'm-10301', 'm-10302', 'm-10303', 'm-10304', 'm-10305', 'm-10306', 'm-10307', 'm-10308', 'm-10309', 'm-10310', 'm-10311', 'm-10312', 'm-10313', 'm-10314', 'm-10315', 'm-10316', 'm-10317', 'm-10318', 'm-10319', 'm-10320', 'm-10321', 'm-10322', 'm-10323', 'm-10324', 'm-10325', 'm-10326', 'm-10327', 'm-10328', 'm-10329', 'm-10330', 'm-10331', 'm-10332', 'm-10333', 'm-10334', 'm-10335', 'm-10336', 'm-10337', 'm-10338', 'm-10339', 'm-10340', 'm-10341', 'm-10342', 'm-10343', 'm-10344', 'm-10345', 'm-10346', 'm-10347', 'm-10348', 'm-10349', 'm-10350', 'm-10351', 'm-10352', 'm-10353', 'm-10354', 'm-10355', 'm-10356', 'm-10357', 'm-10358', 'm-10359', 'm-10360', 'm-10361', 'm-10362', 'm-10363', 'm-10364', 'm-10365', 'm-10366', 'm-10367', 'm-10368', 'm-10369', 'm-10370', 'm-10371', 'm-10372', 'm-10373', 'm-10374', 'm-10375', 'm-10376', 'm-10377', 'm-10378', 'm-10379', 'm-10380', 'm-10381', 'm-10382', 'm-10383', 'm-10384', 'm-10385', 'm-10386', 'm-10387', 'm-10388', 'm-10389', 'm-10390', 'm-10391', 'm-10392', 'm-10393', 'm-10394', 'm-10395', 'm-10396', 'm-10397', 'm-10398', 'm-10399', 'm-10400', 'm-10401', 'm-10402', 'm-10403', 'm-10404', 'm-10405', 'm-10406', 'm-10407', 'm-10408', 'm-10409', 'm-10410', 'm-10411', 'm-10412', 'm-10413', 'm-10414', 'm-10415', 'm-10416', 'm-10417', 'm-10418', 'm-10419', 'm-10420', 'm-10421', 'm-10422', 'm-10423', 'm-10424', 'm-10425', 'm-10426', 'm-10427', 'm-10428', 'm-10429', 'm-10430', 'm-10431', 'm-10432', 'm-10433', 'm-10434', 'm-10435', 'm-10436', 'm-10437', 'm-10438', 'm-10439', 'm-10440', 'm-10441', 'm-10442', 'm-10443', 'm-10444', 'm-10445', 'm-10446', 'm-10447', 'm-10448', 'm-10449', 'm-10450', 'm-10451', 'm-10452', 'm-10453', 'm-10454', 'm-10455', 'm-10456', 'm-10457', 'm-10458', 'm-10459', 'm-10460', 'm-10461', 'm-10462', 'm-10463', 'm-10464', 'm-10465', 'm-10466', 'm-10467', 'm-10468', 'm-10469', 'm-10470', 'm-10471', 'm-10472', 'm-10473', 'm-10474', 'm-10475', 'm-10476', 'm-10477', 'm-10478', 'm-10479', 'm-10480', 'm-10481', 'm-10482', 'm-10483', 'm-10484', 'm-10485', 'm-10486', 'm-10487', 'm-10488', 'm-10489', 'm-10490', 'm-10491', 'm-10492', 'm-10493', 'm-10494', 'm-10495', 'm-10496', 'm-10497', 'm-10498', 'm-10499', 'm-10500', 'm-10601']
2025-05-17 07:50:59 - [m-10601] Attempting to compute cluster key from full state...
2025-05-17 07:50:59 - [m-10601] Computed new cluster key K_cluster (from full state): 471269197698382137510233217426... (took 0.229 ms)
2025-05-17 07:50:59 - [m-10601] [MEMBER] Execution time for key computation (full state): 0.229 ms
2025-05-17 07:51:33 - [m-10601] Starting Member Node: m-10601
2025-05-17 07:51:33 - [m-10601] Loading config: /mnt/workarea/H-SBP/config/hsbp_config.json
2025-05-17 07:51:33 - [m-10601] Loading secrets: /mnt/workarea/H-SBP/config/hsbp_secrets.json
2025-05-17 07:51:33 - [m-10601] Loaded DH params...
2025-05-17 07:51:33 - [m-10601] Loading CH public key: /mnt/workarea/H-SBP/keys/ch1_public.pem
2025-05-17 07:51:33 - [m-10601] Starting node m-10601 as MEMBER in Cluster 1
2025-05-17 07:51:33 - [m-10601] My CH is ch-1. Target CH Address: ('172.16.0.2', 5001)
2025-05-17 07:51:33 - [m-10601] Listening for cluster broadcasts on UDP ('172.16.0.255', 6001)
2025-05-17 07:51:33 - [m-10601] Successfully bound UDP listener to ('172.16.0.255', 6001)
2025-05-17 07:51:33 - [m-10601] Attempt 1: Connecting to CH ch-1 at ('172.16.0.2', 5001)
2025-05-17 07:51:33 - [m-10601] Connected to CH via TCP.
2025-05-17 07:51:33 - [m-10601] Sending ID: ID:m-10601
2025-05-17 07:51:33 - [m-10601] Sending T_i: T_I:46713907177096841564084689781682501905961636889467928965769519328370053110074
2025-05-17 07:51:33 - [m-10601] ID and T_i sent.
2025-05-17 07:51:33 - [m-10601] Listening on UDP ('172.16.0.255', 6001) for cluster messages...
2025-05-17 07:51:33 - [m-10601] Processing KEY_UPDATE from CH...
2025-05-17 07:51:33 - [m-10601] Detected minimal join update format.
2025-05-17 07:51:33 - [m-10601] Computing cluster key as the JOINING member...
2025-05-17 07:51:33 - [m-10601] Computed initial K_cluster as JOINER: 617789915801237748275240880574... (took 0.516 ms)
2025-05-17 07:51:33 - [m-10601] [MEMBER] Execution time for joining key computation: 0.516 ms
2025-05-17 07:51:36 - [m-10601] Received all 67 fragments for message 1747468296.018340. Reassembling...
2025-05-17 07:51:36 - [m-10601] Reassembly successful for 1747468296.018340. Processing.
2025-05-17 07:51:36 - [m-10601] Processing KEY_UPDATE from CH...
2025-05-17 07:51:36 - [m-10601] Processing full state update format.
2025-05-17 07:51:36 - [m-10601] Received Cluster State: Seq=['ch-1', 'm-10001', 'm-10002', 'm-10003', 'm-10004', 'm-10005', 'm-10006', 'm-10007', 'm-10008', 'm-10009', 'm-10010', 'm-10011', 'm-10012', 'm-10013', 'm-10014', 'm-10015', 'm-10016', 'm-10017', 'm-10018', 'm-10019', 'm-10020', 'm-10021', 'm-10022', 'm-10023', 'm-10024', 'm-10025', 'm-10026', 'm-10027', 'm-10028', 'm-10029', 'm-10030', 'm-10031', 'm-10032', 'm-10033', 'm-10034', 'm-10035', 'm-10036', 'm-10037', 'm-10038', 'm-10039', 'm-10040', 'm-10041', 'm-10042', 'm-10043', 'm-10044', 'm-10045', 'm-10046', 'm-10047', 'm-10048', 'm-10049', 'm-10050', 'm-10051', 'm-10052', 'm-10053', 'm-10054', 'm-10055', 'm-10056', 'm-10057', 'm-10058', 'm-10059', 'm-10060', 'm-10061', 'm-10062', 'm-10063', 'm-10064', 'm-10065', 'm-10066', 'm-10067', 'm-10068', 'm-10069', 'm-10070', 'm-10071', 'm-10072', 'm-10073', 'm-10074', 'm-10075', 'm-10076', 'm-10077', 'm-10078', 'm-10079', 'm-10080', 'm-10081', 'm-10082', 'm-10083', 'm-10084', 'm-10085', 'm-10086', 'm-10087', 'm-10088', 'm-10089', 'm-10090', 'm-10091', 'm-10092', 'm-10093', 'm-10094', 'm-10095', 'm-10096', 'm-10097', 'm-10098', 'm-10099', 'm-10100', 'm-10101', 'm-10102', 'm-10103', 'm-10104', 'm-10105', 'm-10106', 'm-10107', 'm-10108', 'm-10109', 'm-10110', 'm-10111', 'm-10112', 'm-10113', 'm-10114', 'm-10115', 'm-10116', 'm-10117', 'm-10118', 'm-10119', 'm-10120', 'm-10121', 'm-10122', 'm-10123', 'm-10124', 'm-10125', 'm-10126', 'm-10127', 'm-10128', 'm-10129', 'm-10130', 'm-10131', 'm-10132', 'm-10133', 'm-10134', 'm-10135', 'm-10136', 'm-10137', 'm-10138', 'm-10139', 'm-10140', 'm-10141', 'm-10142', 'm-10143', 'm-10144', 'm-10145', 'm-10146', 'm-10147', 'm-10148', 'm-10149', 'm-10150', 'm-10151', 'm-10152', 'm-10153', 'm-10154', 'm-10155', 'm-10156', 'm-10157', 'm-10158', 'm-10159', 'm-10160', 'm-10161', 'm-10162', 'm-10163', 'm-10164', 'm-10165', 'm-10166', 'm-10167', 'm-10168', 'm-10169', 'm-10170', 'm-10171', 'm-10172', 'm-10173', 'm-10174', 'm-10175', 'm-10176', 'm-10177', 'm-10178', 'm-10179', 'm-10180', 'm-10181', 'm-10182', 'm-10183', 'm-10184', 'm-10185', 'm-10186', 'm-10187', 'm-10188', 'm-10189', 'm-10190', 'm-10191', 'm-10192', 'm-10193', 'm-10194', 'm-10195', 'm-10196', 'm-10197', 'm-10198', 'm-10199', 'm-10200', 'm-10201', 'm-10202', 'm-10203', 'm-10204', 'm-10205', 'm-10206', 'm-10207', 'm-10208', 'm-10209', 'm-10210', 'm-10211', 'm-10212', 'm-10213', 'm-10214', 'm-10215', 'm-10216', 'm-10217', 'm-10218', 'm-10219', 'm-10220', 'm-10221', 'm-10222', 'm-10223', 'm-10224', 'm-10225', 'm-10226', 'm-10227', 'm-10228', 'm-10229', 'm-10230', 'm-10231', 'm-10232', 'm-10233', 'm-10234', 'm-10235', 'm-10236', 'm-10237', 'm-10238', 'm-10239', 'm-10240', 'm-10241', 'm-10242', 'm-10243', 'm-10244', 'm-10245', 'm-10246', 'm-10247', 'm-10248', 'm-10249', 'm-10250', 'm-10251', 'm-10252', 'm-10253', 'm-10254', 'm-10255', 'm-10256', 'm-10257', 'm-10258', 'm-10259', 'm-10260', 'm-10261', 'm-10262', 'm-10263', 'm-10264', 'm-10265', 'm-10266', 'm-10267', 'm-10268', 'm-10269', 'm-10270', 'm-10271', 'm-10272', 'm-10273', 'm-10274', 'm-10275', 'm-10276', 'm-10277', 'm-10278', 'm-10279', 'm-10280', 'm-10281', 'm-10282', 'm-10283', 'm-10284', 'm-10285', 'm-10286', 'm-10287', 'm-10288', 'm-10289', 'm-10290', 'm-10291', 'm-10292', 'm-10293', 'm-10294', 'm-10295', 'm-10296', 'm-10297', 'm-10298', 'm-10299', 'm-10300', 'm-10301', 'm-10302', 'm-10303', 'm-10304', 'm-10305', 'm-10306', 'm-10307', 'm-10308', 'm-10309', 'm-10310', 'm-10311', 'm-10312', 'm-10313', 'm-10314', 'm-10315', 'm-10316', 'm-10317', 'm-10318', 'm-10319', 'm-10320', 'm-10321', 'm-10322', 'm-10323', 'm-10324', 'm-10325', 'm-10326', 'm-10327', 'm-10328', 'm-10329', 'm-10330', 'm-10331', 'm-10332', 'm-10333', 'm-10334', 'm-10335', 'm-10336', 'm-10337', 'm-10338', 'm-10339', 'm-10340', 'm-10341', 'm-10342', 'm-10343', 'm-10344', 'm-10345', 'm-10346', 'm-10347', 'm-10348', 'm-10349', 'm-10350', 'm-10351', 'm-10352', 'm-10353', 'm-10354', 'm-10355', 'm-10356', 'm-10357', 'm-10358', 'm-10359', 'm-10360', 'm-10361', 'm-10362', 'm-10363', 'm-10364', 'm-10365', 'm-10366', 'm-10367', 'm-10368', 'm-10369', 'm-10370', 'm-10371', 'm-10372', 'm-10373', 'm-10374', 'm-10375', 'm-10376', 'm-10377', 'm-10378', 'm-10379', 'm-10380', 'm-10381', 'm-10382', 'm-10383', 'm-10384', 'm-10385', 'm-10386', 'm-10387', 'm-10388', 'm-10389', 'm-10390', 'm-10391', 'm-10392', 'm-10393', 'm-10394', 'm-10395', 'm-10396', 'm-10397', 'm-10398', 'm-10399', 'm-10400', 'm-10401', 'm-10402', 'm-10403', 'm-10404', 'm-10405', 'm-10406', 'm-10407', 'm-10408', 'm-10409', 'm-10410', 'm-10411', 'm-10412', 'm-10413', 'm-10414', 'm-10415', 'm-10416', 'm-10417', 'm-10418', 'm-10419', 'm-10420', 'm-10421', 'm-10422', 'm-10423', 'm-10424', 'm-10425', 'm-10426', 'm-10427', 'm-10428', 'm-10429', 'm-10430', 'm-10431', 'm-10432', 'm-10433', 'm-10434', 'm-10435', 'm-10436', 'm-10437', 'm-10438', 'm-10439', 'm-10440', 'm-10441', 'm-10442', 'm-10443', 'm-10444', 'm-10445', 'm-10446', 'm-10447', 'm-10448', 'm-10449', 'm-10450', 'm-10451', 'm-10452', 'm-10453', 'm-10454', 'm-10455', 'm-10456', 'm-10457', 'm-10458', 'm-10459', 'm-10460', 'm-10461', 'm-10462', 'm-10463', 'm-10464', 'm-10465', 'm-10466', 'm-10467', 'm-10468', 'm-10469', 'm-10470', 'm-10471', 'm-10472', 'm-10473', 'm-10474', 'm-10475', 'm-10476', 'm-10477', 'm-10478', 'm-10479', 'm-10480', 'm-10481', 'm-10482', 'm-10483', 'm-10484', 'm-10485', 'm-10486', 'm-10487', 'm-10488', 'm-10489', 'm-10490', 'm-10491', 'm-10492', 'm-10493', 'm-10494', 'm-10495', 'm-10496', 'm-10497', 'm-10498', 'm-10499', 'm-10500', 'm-10601']
2025-05-17 07:51:36 - [m-10601] Attempting to compute cluster key from full state...
2025-05-17 07:51:36 - [m-10601] Computed new cluster key K_cluster (from full state): 471269197698382137510233217426... (took 0.277 ms)
2025-05-17 07:51:36 - [m-10601] [MEMBER] Execution time for key computation (full state): 0.277 ms
2025-05-17 07:52:09 - [m-10601] Starting Member Node: m-10601
2025-05-17 07:52:09 - [m-10601] Loading config: /mnt/workarea/H-SBP/config/hsbp_config.json
2025-05-17 07:52:09 - [m-10601] Loading secrets: /mnt/workarea/H-SBP/config/hsbp_secrets.json
2025-05-17 07:52:09 - [m-10601] Loaded DH params...
2025-05-17 07:52:09 - [m-10601] Loading CH public key: /mnt/workarea/H-SBP/keys/ch1_public.pem
2025-05-17 07:52:09 - [m-10601] Starting node m-10601 as MEMBER in Cluster 1
2025-05-17 07:52:09 - [m-10601] My CH is ch-1. Target CH Address: ('172.16.0.2', 5001)
2025-05-17 07:52:09 - [m-10601] Listening for cluster broadcasts on UDP ('172.16.0.255', 6001)
2025-05-17 07:52:09 - [m-10601] Successfully bound UDP listener to ('172.16.0.255', 6001)
2025-05-17 07:52:09 - [m-10601] Attempt 1: Connecting to CH ch-1 at ('172.16.0.2', 5001)
2025-05-17 07:52:09 - [m-10601] Connected to CH via TCP.
2025-05-17 07:52:09 - [m-10601] Sending ID: ID:m-10601
2025-05-17 07:52:09 - [m-10601] Sending T_i: T_I:46713907177096841564084689781682501905961636889467928965769519328370053110074
2025-05-17 07:52:09 - [m-10601] ID and T_i sent.
2025-05-17 07:52:09 - [m-10601] Listening on UDP ('172.16.0.255', 6001) for cluster messages...
2025-05-17 07:52:09 - [m-10601] Processing KEY_UPDATE from CH...
2025-05-17 07:52:09 - [m-10601] Detected minimal join update format.
2025-05-17 07:52:09 - [m-10601] Computing cluster key as the JOINING member...
2025-05-17 07:52:09 - [m-10601] Computed initial K_cluster as JOINER: 617789915801237748275240880574... (took 0.455 ms)
2025-05-17 07:52:09 - [m-10601] [MEMBER] Execution time for joining key computation: 0.455 ms
2025-05-17 07:52:11 - [m-10601] Received all 67 fragments for message 1747468331.793884. Reassembling...
2025-05-17 07:52:11 - [m-10601] Reassembly successful for 1747468331.793884. Processing.
2025-05-17 07:52:11 - [m-10601] Processing KEY_UPDATE from CH...
2025-05-17 07:52:11 - [m-10601] Processing full state update format.
2025-05-17 07:52:11 - [m-10601] Received Cluster State: Seq=['ch-1', 'm-10001', 'm-10002', 'm-10003', 'm-10004', 'm-10005', 'm-10006', 'm-10007', 'm-10008', 'm-10009', 'm-10010', 'm-10011', 'm-10012', 'm-10013', 'm-10014', 'm-10015', 'm-10016', 'm-10017', 'm-10018', 'm-10019', 'm-10020', 'm-10021', 'm-10022', 'm-10023', 'm-10024', 'm-10025', 'm-10026', 'm-10027', 'm-10028', 'm-10029', 'm-10030', 'm-10031', 'm-10032', 'm-10033', 'm-10034', 'm-10035', 'm-10036', 'm-10037', 'm-10038', 'm-10039', 'm-10040', 'm-10041', 'm-10042', 'm-10043', 'm-10044', 'm-10045', 'm-10046', 'm-10047', 'm-10048', 'm-10049', 'm-10050', 'm-10051', 'm-10052', 'm-10053', 'm-10054', 'm-10055', 'm-10056', 'm-10057', 'm-10058', 'm-10059', 'm-10060', 'm-10061', 'm-10062', 'm-10063', 'm-10064', 'm-10065', 'm-10066', 'm-10067', 'm-10068', 'm-10069', 'm-10070', 'm-10071', 'm-10072', 'm-10073', 'm-10074', 'm-10075', 'm-10076', 'm-10077', 'm-10078', 'm-10079', 'm-10080', 'm-10081', 'm-10082', 'm-10083', 'm-10084', 'm-10085', 'm-10086', 'm-10087', 'm-10088', 'm-10089', 'm-10090', 'm-10091', 'm-10092', 'm-10093', 'm-10094', 'm-10095', 'm-10096', 'm-10097', 'm-10098', 'm-10099', 'm-10100', 'm-10101', 'm-10102', 'm-10103', 'm-10104', 'm-10105', 'm-10106', 'm-10107', 'm-10108', 'm-10109', 'm-10110', 'm-10111', 'm-10112', 'm-10113', 'm-10114', 'm-10115', 'm-10116', 'm-10117', 'm-10118', 'm-10119', 'm-10120', 'm-10121', 'm-10122', 'm-10123', 'm-10124', 'm-10125', 'm-10126', 'm-10127', 'm-10128', 'm-10129', 'm-10130', 'm-10131', 'm-10132', 'm-10133', 'm-10134', 'm-10135', 'm-10136', 'm-10137', 'm-10138', 'm-10139', 'm-10140', 'm-10141', 'm-10142', 'm-10143', 'm-10144', 'm-10145', 'm-10146', 'm-10147', 'm-10148', 'm-10149', 'm-10150', 'm-10151', 'm-10152', 'm-10153', 'm-10154', 'm-10155', 'm-10156', 'm-10157', 'm-10158', 'm-10159', 'm-10160', 'm-10161', 'm-10162', 'm-10163', 'm-10164', 'm-10165', 'm-10166', 'm-10167', 'm-10168', 'm-10169', 'm-10170', 'm-10171', 'm-10172', 'm-10173', 'm-10174', 'm-10175', 'm-10176', 'm-10177', 'm-10178', 'm-10179', 'm-10180', 'm-10181', 'm-10182', 'm-10183', 'm-10184', 'm-10185', 'm-10186', 'm-10187', 'm-10188', 'm-10189', 'm-10190', 'm-10191', 'm-10192', 'm-10193', 'm-10194', 'm-10195', 'm-10196', 'm-10197', 'm-10198', 'm-10199', 'm-10200', 'm-10201', 'm-10202', 'm-10203', 'm-10204', 'm-10205', 'm-10206', 'm-10207', 'm-10208', 'm-10209', 'm-10210', 'm-10211', 'm-10212', 'm-10213', 'm-10214', 'm-10215', 'm-10216', 'm-10217', 'm-10218', 'm-10219', 'm-10220', 'm-10221', 'm-10222', 'm-10223', 'm-10224', 'm-10225', 'm-10226', 'm-10227', 'm-10228', 'm-10229', 'm-10230', 'm-10231', 'm-10232', 'm-10233', 'm-10234', 'm-10235', 'm-10236', 'm-10237', 'm-10238', 'm-10239', 'm-10240', 'm-10241', 'm-10242', 'm-10243', 'm-10244', 'm-10245', 'm-10246', 'm-10247', 'm-10248', 'm-10249', 'm-10250', 'm-10251', 'm-10252', 'm-10253', 'm-10254', 'm-10255', 'm-10256', 'm-10257', 'm-10258', 'm-10259', 'm-10260', 'm-10261', 'm-10262', 'm-10263', 'm-10264', 'm-10265', 'm-10266', 'm-10267', 'm-10268', 'm-10269', 'm-10270', 'm-10271', 'm-10272', 'm-10273', 'm-10274', 'm-10275', 'm-10276', 'm-10277', 'm-10278', 'm-10279', 'm-10280', 'm-10281', 'm-10282', 'm-10283', 'm-10284', 'm-10285', 'm-10286', 'm-10287', 'm-10288', 'm-10289', 'm-10290', 'm-10291', 'm-10292', 'm-10293', 'm-10294', 'm-10295', 'm-10296', 'm-10297', 'm-10298', 'm-10299', 'm-10300', 'm-10301', 'm-10302', 'm-10303', 'm-10304', 'm-10305', 'm-10306', 'm-10307', 'm-10308', 'm-10309', 'm-10310', 'm-10311', 'm-10312', 'm-10313', 'm-10314', 'm-10315', 'm-10316', 'm-10317', 'm-10318', 'm-10319', 'm-10320', 'm-10321', 'm-10322', 'm-10323', 'm-10324', 'm-10325', 'm-10326', 'm-10327', 'm-10328', 'm-10329', 'm-10330', 'm-10331', 'm-10332', 'm-10333', 'm-10334', 'm-10335', 'm-10336', 'm-10337', 'm-10338', 'm-10339', 'm-10340', 'm-10341', 'm-10342', 'm-10343', 'm-10344', 'm-10345', 'm-10346', 'm-10347', 'm-10348', 'm-10349', 'm-10350', 'm-10351', 'm-10352', 'm-10353', 'm-10354', 'm-10355', 'm-10356', 'm-10357', 'm-10358', 'm-10359', 'm-10360', 'm-10361', 'm-10362', 'm-10363', 'm-10364', 'm-10365', 'm-10366', 'm-10367', 'm-10368', 'm-10369', 'm-10370', 'm-10371', 'm-10372', 'm-10373', 'm-10374', 'm-10375', 'm-10376', 'm-10377', 'm-10378', 'm-10379', 'm-10380', 'm-10381', 'm-10382', 'm-10383', 'm-10384', 'm-10385', 'm-10386', 'm-10387', 'm-10388', 'm-10389', 'm-10390', 'm-10391', 'm-10392', 'm-10393', 'm-10394', 'm-10395', 'm-10396', 'm-10397', 'm-10398', 'm-10399', 'm-10400', 'm-10401', 'm-10402', 'm-10403', 'm-10404', 'm-10405', 'm-10406', 'm-10407', 'm-10408', 'm-10409', 'm-10410', 'm-10411', 'm-10412', 'm-10413', 'm-10414', 'm-10415', 'm-10416', 'm-10417', 'm-10418', 'm-10419', 'm-10420', 'm-10421', 'm-10422', 'm-10423', 'm-10424', 'm-10425', 'm-10426', 'm-10427', 'm-10428', 'm-10429', 'm-10430', 'm-10431', 'm-10432', 'm-10433', 'm-10434', 'm-10435', 'm-10436', 'm-10437', 'm-10438', 'm-10439', 'm-10440', 'm-10441', 'm-10442', 'm-10443', 'm-10444', 'm-10445', 'm-10446', 'm-10447', 'm-10448', 'm-10449', 'm-10450', 'm-10451', 'm-10452', 'm-10453', 'm-10454', 'm-10455', 'm-10456', 'm-10457', 'm-10458', 'm-10459', 'm-10460', 'm-10461', 'm-10462', 'm-10463', 'm-10464', 'm-10465', 'm-10466', 'm-10467', 'm-10468', 'm-10469', 'm-10470', 'm-10471', 'm-10472', 'm-10473', 'm-10474', 'm-10475', 'm-10476', 'm-10477', 'm-10478', 'm-10479', 'm-10480', 'm-10481', 'm-10482', 'm-10483', 'm-10484', 'm-10485', 'm-10486', 'm-10487', 'm-10488', 'm-10489', 'm-10490', 'm-10491', 'm-10492', 'm-10493', 'm-10494', 'm-10495', 'm-10496', 'm-10497', 'm-10498', 'm-10499', 'm-10500', 'm-10601']
2025-05-17 07:52:11 - [m-10601] Attempting to compute cluster key from full state...
2025-05-17 07:52:11 - [m-10601] Computed new cluster key K_cluster (from full state): 471269197698382137510233217426... (took 0.389 ms)
2025-05-17 07:52:11 - [m-10601] [MEMBER] Execution time for key computation (full state): 0.389 ms
2025-05-17 07:52:45 - [m-10601] Starting Member Node: m-10601
2025-05-17 07:52:45 - [m-10601] Loading config: /mnt/workarea/H-SBP/config/hsbp_config.json
2025-05-17 07:52:45 - [m-10601] Loading secrets: /mnt/workarea/H-SBP/config/hsbp_secrets.json
2025-05-17 07:52:45 - [m-10601] Loaded DH params...
2025-05-17 07:52:45 - [m-10601] Loading CH public key: /mnt/workarea/H-SBP/keys/ch1_public.pem
2025-05-17 07:52:45 - [m-10601] Starting node m-10601 as MEMBER in Cluster 1
2025-05-17 07:52:45 - [m-10601] My CH is ch-1. Target CH Address: ('172.16.0.2', 5001)
2025-05-17 07:52:45 - [m-10601] Listening for cluster broadcasts on UDP ('172.16.0.255', 6001)
2025-05-17 07:52:45 - [m-10601] Successfully bound UDP listener to ('172.16.0.255', 6001)
2025-05-17 07:52:45 - [m-10601] Attempt 1: Connecting to CH ch-1 at ('172.16.0.2', 5001)
2025-05-17 07:52:45 - [m-10601] Connected to CH via TCP.
2025-05-17 07:52:45 - [m-10601] Sending ID: ID:m-10601
2025-05-17 07:52:45 - [m-10601] Sending T_i: T_I:46713907177096841564084689781682501905961636889467928965769519328370053110074
2025-05-17 07:52:45 - [m-10601] ID and T_i sent.
2025-05-17 07:52:45 - [m-10601] Listening on UDP ('172.16.0.255', 6001) for cluster messages...
2025-05-17 07:52:45 - [m-10601] Processing KEY_UPDATE from CH...
2025-05-17 07:52:45 - [m-10601] Detected minimal join update format.
2025-05-17 07:52:45 - [m-10601] Computing cluster key as the JOINING member...
2025-05-17 07:52:45 - [m-10601] Computed initial K_cluster as JOINER: 617789915801237748275240880574... (took 0.664 ms)
2025-05-17 07:52:45 - [m-10601] [MEMBER] Execution time for joining key computation: 0.664 ms
2025-05-17 07:52:47 - [m-10601] Received all 67 fragments for message 1747468367.914109. Reassembling...
2025-05-17 07:52:47 - [m-10601] Reassembly successful for 1747468367.914109. Processing.
2025-05-17 07:52:47 - [m-10601] Processing KEY_UPDATE from CH...
2025-05-17 07:52:47 - [m-10601] Processing full state update format.
2025-05-17 07:52:47 - [m-10601] Received Cluster State: Seq=['ch-1', 'm-10001', 'm-10002', 'm-10003', 'm-10004', 'm-10005', 'm-10006', 'm-10007', 'm-10008', 'm-10009', 'm-10010', 'm-10011', 'm-10012', 'm-10013', 'm-10014', 'm-10015', 'm-10016', 'm-10017', 'm-10018', 'm-10019', 'm-10020', 'm-10021', 'm-10022', 'm-10023', 'm-10024', 'm-10025', 'm-10026', 'm-10027', 'm-10028', 'm-10029', 'm-10030', 'm-10031', 'm-10032', 'm-10033', 'm-10034', 'm-10035', 'm-10036', 'm-10037', 'm-10038', 'm-10039', 'm-10040', 'm-10041', 'm-10042', 'm-10043', 'm-10044', 'm-10045', 'm-10046', 'm-10047', 'm-10048', 'm-10049', 'm-10050', 'm-10051', 'm-10052', 'm-10053', 'm-10054', 'm-10055', 'm-10056', 'm-10057', 'm-10058', 'm-10059', 'm-10060', 'm-10061', 'm-10062', 'm-10063', 'm-10064', 'm-10065', 'm-10066', 'm-10067', 'm-10068', 'm-10069', 'm-10070', 'm-10071', 'm-10072', 'm-10073', 'm-10074', 'm-10075', 'm-10076', 'm-10077', 'm-10078', 'm-10079', 'm-10080', 'm-10081', 'm-10082', 'm-10083', 'm-10084', 'm-10085', 'm-10086', 'm-10087', 'm-10088', 'm-10089', 'm-10090', 'm-10091', 'm-10092', 'm-10093', 'm-10094', 'm-10095', 'm-10096', 'm-10097', 'm-10098', 'm-10099', 'm-10100', 'm-10101', 'm-10102', 'm-10103', 'm-10104', 'm-10105', 'm-10106', 'm-10107', 'm-10108', 'm-10109', 'm-10110', 'm-10111', 'm-10112', 'm-10113', 'm-10114', 'm-10115', 'm-10116', 'm-10117', 'm-10118', 'm-10119', 'm-10120', 'm-10121', 'm-10122', 'm-10123', 'm-10124', 'm-10125', 'm-10126', 'm-10127', 'm-10128', 'm-10129', 'm-10130', 'm-10131', 'm-10132', 'm-10133', 'm-10134', 'm-10135', 'm-10136', 'm-10137', 'm-10138', 'm-10139', 'm-10140', 'm-10141', 'm-10142', 'm-10143', 'm-10144', 'm-10145', 'm-10146', 'm-10147', 'm-10148', 'm-10149', 'm-10150', 'm-10151', 'm-10152', 'm-10153', 'm-10154', 'm-10155', 'm-10156', 'm-10157', 'm-10158', 'm-10159', 'm-10160', 'm-10161', 'm-10162', 'm-10163', 'm-10164', 'm-10165', 'm-10166', 'm-10167', 'm-10168', 'm-10169', 'm-10170', 'm-10171', 'm-10172', 'm-10173', 'm-10174', 'm-10175', 'm-10176', 'm-10177', 'm-10178', 'm-10179', 'm-10180', 'm-10181', 'm-10182', 'm-10183', 'm-10184', 'm-10185', 'm-10186', 'm-10187', 'm-10188', 'm-10189', 'm-10190', 'm-10191', 'm-10192', 'm-10193', 'm-10194', 'm-10195', 'm-10196', 'm-10197', 'm-10198', 'm-10199', 'm-10200', 'm-10201', 'm-10202', 'm-10203', 'm-10204', 'm-10205', 'm-10206', 'm-10207', 'm-10208', 'm-10209', 'm-10210', 'm-10211', 'm-10212', 'm-10213', 'm-10214', 'm-10215', 'm-10216', 'm-10217', 'm-10218', 'm-10219', 'm-10220', 'm-10221', 'm-10222', 'm-10223', 'm-10224', 'm-10225', 'm-10226', 'm-10227', 'm-10228', 'm-10229', 'm-10230', 'm-10231', 'm-10232', 'm-10233', 'm-10234', 'm-10235', 'm-10236', 'm-10237', 'm-10238', 'm-10239', 'm-10240', 'm-10241', 'm-10242', 'm-10243', 'm-10244', 'm-10245', 'm-10246', 'm-10247', 'm-10248', 'm-10249', 'm-10250', 'm-10251', 'm-10252', 'm-10253', 'm-10254', 'm-10255', 'm-10256', 'm-10257', 'm-10258', 'm-10259', 'm-10260', 'm-10261', 'm-10262', 'm-10263', 'm-10264', 'm-10265', 'm-10266', 'm-10267', 'm-10268', 'm-10269', 'm-10270', 'm-10271', 'm-10272', 'm-10273', 'm-10274', 'm-10275', 'm-10276', 'm-10277', 'm-10278', 'm-10279', 'm-10280', 'm-10281', 'm-10282', 'm-10283', 'm-10284', 'm-10285', 'm-10286', 'm-10287', 'm-10288', 'm-10289', 'm-10290', 'm-10291', 'm-10292', 'm-10293', 'm-10294', 'm-10295', 'm-10296', 'm-10297', 'm-10298', 'm-10299', 'm-10300', 'm-10301', 'm-10302', 'm-10303', 'm-10304', 'm-10305', 'm-10306', 'm-10307', 'm-10308', 'm-10309', 'm-10310', 'm-10311', 'm-10312', 'm-10313', 'm-10314', 'm-10315', 'm-10316', 'm-10317', 'm-10318', 'm-10319', 'm-10320', 'm-10321', 'm-10322', 'm-10323', 'm-10324', 'm-10325', 'm-10326', 'm-10327', 'm-10328', 'm-10329', 'm-10330', 'm-10331', 'm-10332', 'm-10333', 'm-10334', 'm-10335', 'm-10336', 'm-10337', 'm-10338', 'm-10339', 'm-10340', 'm-10341', 'm-10342', 'm-10343', 'm-10344', 'm-10345', 'm-10346', 'm-10347', 'm-10348', 'm-10349', 'm-10350', 'm-10351', 'm-10352', 'm-10353', 'm-10354', 'm-10355', 'm-10356', 'm-10357', 'm-10358', 'm-10359', 'm-10360', 'm-10361', 'm-10362', 'm-10363', 'm-10364', 'm-10365', 'm-10366', 'm-10367', 'm-10368', 'm-10369', 'm-10370', 'm-10371', 'm-10372', 'm-10373', 'm-10374', 'm-10375', 'm-10376', 'm-10377', 'm-10378', 'm-10379', 'm-10380', 'm-10381', 'm-10382', 'm-10383', 'm-10384', 'm-10385', 'm-10386', 'm-10387', 'm-10388', 'm-10389', 'm-10390', 'm-10391', 'm-10392', 'm-10393', 'm-10394', 'm-10395', 'm-10396', 'm-10397', 'm-10398', 'm-10399', 'm-10400', 'm-10401', 'm-10402', 'm-10403', 'm-10404', 'm-10405', 'm-10406', 'm-10407', 'm-10408', 'm-10409', 'm-10410', 'm-10411', 'm-10412', 'm-10413', 'm-10414', 'm-10415', 'm-10416', 'm-10417', 'm-10418', 'm-10419', 'm-10420', 'm-10421', 'm-10422', 'm-10423', 'm-10424', 'm-10425', 'm-10426', 'm-10427', 'm-10428', 'm-10429', 'm-10430', 'm-10431', 'm-10432', 'm-10433', 'm-10434', 'm-10435', 'm-10436', 'm-10437', 'm-10438', 'm-10439', 'm-10440', 'm-10441', 'm-10442', 'm-10443', 'm-10444', 'm-10445', 'm-10446', 'm-10447', 'm-10448', 'm-10449', 'm-10450', 'm-10451', 'm-10452', 'm-10453', 'm-10454', 'm-10455', 'm-10456', 'm-10457', 'm-10458', 'm-10459', 'm-10460', 'm-10461', 'm-10462', 'm-10463', 'm-10464', 'm-10465', 'm-10466', 'm-10467', 'm-10468', 'm-10469', 'm-10470', 'm-10471', 'm-10472', 'm-10473', 'm-10474', 'm-10475', 'm-10476', 'm-10477', 'm-10478', 'm-10479', 'm-10480', 'm-10481', 'm-10482', 'm-10483', 'm-10484', 'm-10485', 'm-10486', 'm-10487', 'm-10488', 'm-10489', 'm-10490', 'm-10491', 'm-10492', 'm-10493', 'm-10494', 'm-10495', 'm-10496', 'm-10497', 'm-10498', 'm-10499', 'm-10500', 'm-10601']
2025-05-17 07:52:47 - [m-10601] Attempting to compute cluster key from full state...
2025-05-17 07:52:47 - [m-10601] Computed new cluster key K_cluster (from full state): 471269197698382137510233217426... (took 0.238 ms)
2025-05-17 07:52:47 - [m-10601] [MEMBER] Execution time for key computation (full state): 0.238 ms
2025-05-17 07:53:21 - [m-10601] Starting Member Node: m-10601
2025-05-17 07:53:21 - [m-10601] Loading config: /mnt/workarea/H-SBP/config/hsbp_config.json
2025-05-17 07:53:21 - [m-10601] Loading secrets: /mnt/workarea/H-SBP/config/hsbp_secrets.json
2025-05-17 07:53:21 - [m-10601] Loaded DH params...
2025-05-17 07:53:21 - [m-10601] Loading CH public key: /mnt/workarea/H-SBP/keys/ch1_public.pem
2025-05-17 07:53:21 - [m-10601] Starting node m-10601 as MEMBER in Cluster 1
2025-05-17 07:53:21 - [m-10601] My CH is ch-1. Target CH Address: ('172.16.0.2', 5001)
2025-05-17 07:53:21 - [m-10601] Listening for cluster broadcasts on UDP ('172.16.0.255', 6001)
2025-05-17 07:53:21 - [m-10601] Successfully bound UDP listener to ('172.16.0.255', 6001)
2025-05-17 07:53:21 - [m-10601] Attempt 1: Connecting to CH ch-1 at ('172.16.0.2', 5001)
2025-05-17 07:53:21 - [m-10601] Connected to CH via TCP.
2025-05-17 07:53:21 - [m-10601] Sending ID: ID:m-10601
2025-05-17 07:53:21 - [m-10601] Sending T_i: T_I:46713907177096841564084689781682501905961636889467928965769519328370053110074
2025-05-17 07:53:21 - [m-10601] ID and T_i sent.
2025-05-17 07:53:21 - [m-10601] Listening on UDP ('172.16.0.255', 6001) for cluster messages...
2025-05-17 07:53:21 - [m-10601] Processing KEY_UPDATE from CH...
2025-05-17 07:53:21 - [m-10601] Detected minimal join update format.
2025-05-17 07:53:21 - [m-10601] Computing cluster key as the JOINING member...
2025-05-17 07:53:21 - [m-10601] Computed initial K_cluster as JOINER: 617789915801237748275240880574... (took 0.433 ms)
2025-05-17 07:53:21 - [m-10601] [MEMBER] Execution time for joining key computation: 0.433 ms
2025-05-17 07:53:24 - [m-10601] Received all 67 fragments for message 1747468404.028113. Reassembling...
2025-05-17 07:53:24 - [m-10601] Reassembly successful for 1747468404.028113. Processing.
2025-05-17 07:53:24 - [m-10601] Processing KEY_UPDATE from CH...
2025-05-17 07:53:24 - [m-10601] Processing full state update format.
2025-05-17 07:53:24 - [m-10601] Received Cluster State: Seq=['ch-1', 'm-10001', 'm-10002', 'm-10003', 'm-10004', 'm-10005', 'm-10006', 'm-10007', 'm-10008', 'm-10009', 'm-10010', 'm-10011', 'm-10012', 'm-10013', 'm-10014', 'm-10015', 'm-10016', 'm-10017', 'm-10018', 'm-10019', 'm-10020', 'm-10021', 'm-10022', 'm-10023', 'm-10024', 'm-10025', 'm-10026', 'm-10027', 'm-10028', 'm-10029', 'm-10030', 'm-10031', 'm-10032', 'm-10033', 'm-10034', 'm-10035', 'm-10036', 'm-10037', 'm-10038', 'm-10039', 'm-10040', 'm-10041', 'm-10042', 'm-10043', 'm-10044', 'm-10045', 'm-10046', 'm-10047', 'm-10048', 'm-10049', 'm-10050', 'm-10051', 'm-10052', 'm-10053', 'm-10054', 'm-10055', 'm-10056', 'm-10057', 'm-10058', 'm-10059', 'm-10060', 'm-10061', 'm-10062', 'm-10063', 'm-10064', 'm-10065', 'm-10066', 'm-10067', 'm-10068', 'm-10069', 'm-10070', 'm-10071', 'm-10072', 'm-10073', 'm-10074', 'm-10075', 'm-10076', 'm-10077', 'm-10078', 'm-10079', 'm-10080', 'm-10081', 'm-10082', 'm-10083', 'm-10084', 'm-10085', 'm-10086', 'm-10087', 'm-10088', 'm-10089', 'm-10090', 'm-10091', 'm-10092', 'm-10093', 'm-10094', 'm-10095', 'm-10096', 'm-10097', 'm-10098', 'm-10099', 'm-10100', 'm-10101', 'm-10102', 'm-10103', 'm-10104', 'm-10105', 'm-10106', 'm-10107', 'm-10108', 'm-10109', 'm-10110', 'm-10111', 'm-10112', 'm-10113', 'm-10114', 'm-10115', 'm-10116', 'm-10117', 'm-10118', 'm-10119', 'm-10120', 'm-10121', 'm-10122', 'm-10123', 'm-10124', 'm-10125', 'm-10126', 'm-10127', 'm-10128', 'm-10129', 'm-10130', 'm-10131', 'm-10132', 'm-10133', 'm-10134', 'm-10135', 'm-10136', 'm-10137', 'm-10138', 'm-10139', 'm-10140', 'm-10141', 'm-10142', 'm-10143', 'm-10144', 'm-10145', 'm-10146', 'm-10147', 'm-10148', 'm-10149', 'm-10150', 'm-10151', 'm-10152', 'm-10153', 'm-10154', 'm-10155', 'm-10156', 'm-10157', 'm-10158', 'm-10159', 'm-10160', 'm-10161', 'm-10162', 'm-10163', 'm-10164', 'm-10165', 'm-10166', 'm-10167', 'm-10168', 'm-10169', 'm-10170', 'm-10171', 'm-10172', 'm-10173', 'm-10174', 'm-10175', 'm-10176', 'm-10177', 'm-10178', 'm-10179', 'm-10180', 'm-10181', 'm-10182', 'm-10183', 'm-10184', 'm-10185', 'm-10186', 'm-10187', 'm-10188', 'm-10189', 'm-10190', 'm-10191', 'm-10192', 'm-10193', 'm-10194', 'm-10195', 'm-10196', 'm-10197', 'm-10198', 'm-10199', 'm-10200', 'm-10201', 'm-10202', 'm-10203', 'm-10204', 'm-10205', 'm-10206', 'm-10207', 'm-10208', 'm-10209', 'm-10210', 'm-10211', 'm-10212', 'm-10213', 'm-10214', 'm-10215', 'm-10216', 'm-10217', 'm-10218', 'm-10219', 'm-10220', 'm-10221', 'm-10222', 'm-10223', 'm-10224', 'm-10225', 'm-10226', 'm-10227', 'm-10228', 'm-10229', 'm-10230', 'm-10231', 'm-10232', 'm-10233', 'm-10234', 'm-10235', 'm-10236', 'm-10237', 'm-10238', 'm-10239', 'm-10240', 'm-10241', 'm-10242', 'm-10243', 'm-10244', 'm-10245', 'm-10246', 'm-10247', 'm-10248', 'm-10249', 'm-10250', 'm-10251', 'm-10252', 'm-10253', 'm-10254', 'm-10255', 'm-10256', 'm-10257', 'm-10258', 'm-10259', 'm-10260', 'm-10261', 'm-10262', 'm-10263', 'm-10264', 'm-10265', 'm-10266', 'm-10267', 'm-10268', 'm-10269', 'm-10270', 'm-10271', 'm-10272', 'm-10273', 'm-10274', 'm-10275', 'm-10276', 'm-10277', 'm-10278', 'm-10279', 'm-10280', 'm-10281', 'm-10282', 'm-10283', 'm-10284', 'm-10285', 'm-10286', 'm-10287', 'm-10288', 'm-10289', 'm-10290', 'm-10291', 'm-10292', 'm-10293', 'm-10294', 'm-10295', 'm-10296', 'm-10297', 'm-10298', 'm-10299', 'm-10300', 'm-10301', 'm-10302', 'm-10303', 'm-10304', 'm-10305', 'm-10306', 'm-10307', 'm-10308', 'm-10309', 'm-10310', 'm-10311', 'm-10312', 'm-10313', 'm-10314', 'm-10315', 'm-10316', 'm-10317', 'm-10318', 'm-10319', 'm-10320', 'm-10321', 'm-10322', 'm-10323', 'm-10324', 'm-10325', 'm-10326', 'm-10327', 'm-10328', 'm-10329', 'm-10330', 'm-10331', 'm-10332', 'm-10333', 'm-10334', 'm-10335', 'm-10336', 'm-10337', 'm-10338', 'm-10339', 'm-10340', 'm-10341', 'm-10342', 'm-10343', 'm-10344', 'm-10345', 'm-10346', 'm-10347', 'm-10348', 'm-10349', 'm-10350', 'm-10351', 'm-10352', 'm-10353', 'm-10354', 'm-10355', 'm-10356', 'm-10357', 'm-10358', 'm-10359', 'm-10360', 'm-10361', 'm-10362', 'm-10363', 'm-10364', 'm-10365', 'm-10366', 'm-10367', 'm-10368', 'm-10369', 'm-10370', 'm-10371', 'm-10372', 'm-10373', 'm-10374', 'm-10375', 'm-10376', 'm-10377', 'm-10378', 'm-10379', 'm-10380', 'm-10381', 'm-10382', 'm-10383', 'm-10384', 'm-10385', 'm-10386', 'm-10387', 'm-10388', 'm-10389', 'm-10390', 'm-10391', 'm-10392', 'm-10393', 'm-10394', 'm-10395', 'm-10396', 'm-10397', 'm-10398', 'm-10399', 'm-10400', 'm-10401', 'm-10402', 'm-10403', 'm-10404', 'm-10405', 'm-10406', 'm-10407', 'm-10408', 'm-10409', 'm-10410', 'm-10411', 'm-10412', 'm-10413', 'm-10414', 'm-10415', 'm-10416', 'm-10417', 'm-10418', 'm-10419', 'm-10420', 'm-10421', 'm-10422', 'm-10423', 'm-10424', 'm-10425', 'm-10426', 'm-10427', 'm-10428', 'm-10429', 'm-10430', 'm-10431', 'm-10432', 'm-10433', 'm-10434', 'm-10435', 'm-10436', 'm-10437', 'm-10438', 'm-10439', 'm-10440', 'm-10441', 'm-10442', 'm-10443', 'm-10444', 'm-10445', 'm-10446', 'm-10447', 'm-10448', 'm-10449', 'm-10450', 'm-10451', 'm-10452', 'm-10453', 'm-10454', 'm-10455', 'm-10456', 'm-10457', 'm-10458', 'm-10459', 'm-10460', 'm-10461', 'm-10462', 'm-10463', 'm-10464', 'm-10465', 'm-10466', 'm-10467', 'm-10468', 'm-10469', 'm-10470', 'm-10471', 'm-10472', 'm-10473', 'm-10474', 'm-10475', 'm-10476', 'm-10477', 'm-10478', 'm-10479', 'm-10480', 'm-10481', 'm-10482', 'm-10483', 'm-10484', 'm-10485', 'm-10486', 'm-10487', 'm-10488', 'm-10489', 'm-10490', 'm-10491', 'm-10492', 'm-10493', 'm-10494', 'm-10495', 'm-10496', 'm-10497', 'm-10498', 'm-10499', 'm-10500', 'm-10601']
2025-05-17 07:53:24 - [m-10601] Attempting to compute cluster key from full state...
2025-05-17 07:53:24 - [m-10601] Computed new cluster key K_cluster (from full state): 471269197698382137510233217426... (took 0.233 ms)
2025-05-17 07:53:24 - [m-10601] [MEMBER] Execution time for key computation (full state): 0.233 ms
2025-05-17 07:53:58 - [m-10601] Starting Member Node: m-10601
2025-05-17 07:53:58 - [m-10601] Loading config: /mnt/workarea/H-SBP/config/hsbp_config.json
2025-05-17 07:53:58 - [m-10601] Loading secrets: /mnt/workarea/H-SBP/config/hsbp_secrets.json
2025-05-17 07:53:58 - [m-10601] Loaded DH params...
2025-05-17 07:53:58 - [m-10601] Loading CH public key: /mnt/workarea/H-SBP/keys/ch1_public.pem
2025-05-17 07:53:58 - [m-10601] Starting node m-10601 as MEMBER in Cluster 1
2025-05-17 07:53:58 - [m-10601] My CH is ch-1. Target CH Address: ('172.16.0.2', 5001)
2025-05-17 07:53:58 - [m-10601] Listening for cluster broadcasts on UDP ('172.16.0.255', 6001)
2025-05-17 07:53:58 - [m-10601] Successfully bound UDP listener to ('172.16.0.255', 6001)
2025-05-17 07:53:58 - [m-10601] Attempt 1: Connecting to CH ch-1 at ('172.16.0.2', 5001)
2025-05-17 07:53:58 - [m-10601] Connected to CH via TCP.
2025-05-17 07:53:58 - [m-10601] Sending ID: ID:m-10601
2025-05-17 07:53:58 - [m-10601] Sending T_i: T_I:46713907177096841564084689781682501905961636889467928965769519328370053110074
2025-05-17 07:53:58 - [m-10601] ID and T_i sent.
2025-05-17 07:53:58 - [m-10601] Listening on UDP ('172.16.0.255', 6001) for cluster messages...
2025-05-17 07:53:58 - [m-10601] Processing KEY_UPDATE from CH...
2025-05-17 07:53:58 - [m-10601] Detected minimal join update format.
2025-05-17 07:53:58 - [m-10601] Computing cluster key as the JOINING member...
2025-05-17 07:53:58 - [m-10601] Computed initial K_cluster as JOINER: 617789915801237748275240880574... (took 0.382 ms)
2025-05-17 07:53:58 - [m-10601] [MEMBER] Execution time for joining key computation: 0.382 ms
2025-05-17 07:54:00 - [m-10601] Received all 67 fragments for message 1747468440.168714. Reassembling...
2025-05-17 07:54:00 - [m-10601] Reassembly successful for 1747468440.168714. Processing.
2025-05-17 07:54:00 - [m-10601] Processing KEY_UPDATE from CH...
2025-05-17 07:54:00 - [m-10601] Processing full state update format.
2025-05-17 07:54:00 - [m-10601] Received Cluster State: Seq=['ch-1', 'm-10001', 'm-10002', 'm-10003', 'm-10004', 'm-10005', 'm-10006', 'm-10007', 'm-10008', 'm-10009', 'm-10010', 'm-10011', 'm-10012', 'm-10013', 'm-10014', 'm-10015', 'm-10016', 'm-10017', 'm-10018', 'm-10019', 'm-10020', 'm-10021', 'm-10022', 'm-10023', 'm-10024', 'm-10025', 'm-10026', 'm-10027', 'm-10028', 'm-10029', 'm-10030', 'm-10031', 'm-10032', 'm-10033', 'm-10034', 'm-10035', 'm-10036', 'm-10037', 'm-10038', 'm-10039', 'm-10040', 'm-10041', 'm-10042', 'm-10043', 'm-10044', 'm-10045', 'm-10046', 'm-10047', 'm-10048', 'm-10049', 'm-10050', 'm-10051', 'm-10052', 'm-10053', 'm-10054', 'm-10055', 'm-10056', 'm-10057', 'm-10058', 'm-10059', 'm-10060', 'm-10061', 'm-10062', 'm-10063', 'm-10064', 'm-10065', 'm-10066', 'm-10067', 'm-10068', 'm-10069', 'm-10070', 'm-10071', 'm-10072', 'm-10073', 'm-10074', 'm-10075', 'm-10076', 'm-10077', 'm-10078', 'm-10079', 'm-10080', 'm-10081', 'm-10082', 'm-10083', 'm-10084', 'm-10085', 'm-10086', 'm-10087', 'm-10088', 'm-10089', 'm-10090', 'm-10091', 'm-10092', 'm-10093', 'm-10094', 'm-10095', 'm-10096', 'm-10097', 'm-10098', 'm-10099', 'm-10100', 'm-10101', 'm-10102', 'm-10103', 'm-10104', 'm-10105', 'm-10106', 'm-10107', 'm-10108', 'm-10109', 'm-10110', 'm-10111', 'm-10112', 'm-10113', 'm-10114', 'm-10115', 'm-10116', 'm-10117', 'm-10118', 'm-10119', 'm-10120', 'm-10121', 'm-10122', 'm-10123', 'm-10124', 'm-10125', 'm-10126', 'm-10127', 'm-10128', 'm-10129', 'm-10130', 'm-10131', 'm-10132', 'm-10133', 'm-10134', 'm-10135', 'm-10136', 'm-10137', 'm-10138', 'm-10139', 'm-10140', 'm-10141', 'm-10142', 'm-10143', 'm-10144', 'm-10145', 'm-10146', 'm-10147', 'm-10148', 'm-10149', 'm-10150', 'm-10151', 'm-10152', 'm-10153', 'm-10154', 'm-10155', 'm-10156', 'm-10157', 'm-10158', 'm-10159', 'm-10160', 'm-10161', 'm-10162', 'm-10163', 'm-10164', 'm-10165', 'm-10166', 'm-10167', 'm-10168', 'm-10169', 'm-10170', 'm-10171', 'm-10172', 'm-10173', 'm-10174', 'm-10175', 'm-10176', 'm-10177', 'm-10178', 'm-10179', 'm-10180', 'm-10181', 'm-10182', 'm-10183', 'm-10184', 'm-10185', 'm-10186', 'm-10187', 'm-10188', 'm-10189', 'm-10190', 'm-10191', 'm-10192', 'm-10193', 'm-10194', 'm-10195', 'm-10196', 'm-10197', 'm-10198', 'm-10199', 'm-10200', 'm-10201', 'm-10202', 'm-10203', 'm-10204', 'm-10205', 'm-10206', 'm-10207', 'm-10208', 'm-10209', 'm-10210', 'm-10211', 'm-10212', 'm-10213', 'm-10214', 'm-10215', 'm-10216', 'm-10217', 'm-10218', 'm-10219', 'm-10220', 'm-10221', 'm-10222', 'm-10223', 'm-10224', 'm-10225', 'm-10226', 'm-10227', 'm-10228', 'm-10229', 'm-10230', 'm-10231', 'm-10232', 'm-10233', 'm-10234', 'm-10235', 'm-10236', 'm-10237', 'm-10238', 'm-10239', 'm-10240', 'm-10241', 'm-10242', 'm-10243', 'm-10244', 'm-10245', 'm-10246', 'm-10247', 'm-10248', 'm-10249', 'm-10250', 'm-10251', 'm-10252', 'm-10253', 'm-10254', 'm-10255', 'm-10256', 'm-10257', 'm-10258', 'm-10259', 'm-10260', 'm-10261', 'm-10262', 'm-10263', 'm-10264', 'm-10265', 'm-10266', 'm-10267', 'm-10268', 'm-10269', 'm-10270', 'm-10271', 'm-10272', 'm-10273', 'm-10274', 'm-10275', 'm-10276', 'm-10277', 'm-10278', 'm-10279', 'm-10280', 'm-10281', 'm-10282', 'm-10283', 'm-10284', 'm-10285', 'm-10286', 'm-10287', 'm-10288', 'm-10289', 'm-10290', 'm-10291', 'm-10292', 'm-10293', 'm-10294', 'm-10295', 'm-10296', 'm-10297', 'm-10298', 'm-10299', 'm-10300', 'm-10301', 'm-10302', 'm-10303', 'm-10304', 'm-10305', 'm-10306', 'm-10307', 'm-10308', 'm-10309', 'm-10310', 'm-10311', 'm-10312', 'm-10313', 'm-10314', 'm-10315', 'm-10316', 'm-10317', 'm-10318', 'm-10319', 'm-10320', 'm-10321', 'm-10322', 'm-10323', 'm-10324', 'm-10325', 'm-10326', 'm-10327', 'm-10328', 'm-10329', 'm-10330', 'm-10331', 'm-10332', 'm-10333', 'm-10334', 'm-10335', 'm-10336', 'm-10337', 'm-10338', 'm-10339', 'm-10340', 'm-10341', 'm-10342', 'm-10343', 'm-10344', 'm-10345', 'm-10346', 'm-10347', 'm-10348', 'm-10349', 'm-10350', 'm-10351', 'm-10352', 'm-10353', 'm-10354', 'm-10355', 'm-10356', 'm-10357', 'm-10358', 'm-10359', 'm-10360', 'm-10361', 'm-10362', 'm-10363', 'm-10364', 'm-10365', 'm-10366', 'm-10367', 'm-10368', 'm-10369', 'm-10370', 'm-10371', 'm-10372', 'm-10373', 'm-10374', 'm-10375', 'm-10376', 'm-10377', 'm-10378', 'm-10379', 'm-10380', 'm-10381', 'm-10382', 'm-10383', 'm-10384', 'm-10385', 'm-10386', 'm-10387', 'm-10388', 'm-10389', 'm-10390', 'm-10391', 'm-10392', 'm-10393', 'm-10394', 'm-10395', 'm-10396', 'm-10397', 'm-10398', 'm-10399', 'm-10400', 'm-10401', 'm-10402', 'm-10403', 'm-10404', 'm-10405', 'm-10406', 'm-10407', 'm-10408', 'm-10409', 'm-10410', 'm-10411', 'm-10412', 'm-10413', 'm-10414', 'm-10415', 'm-10416', 'm-10417', 'm-10418', 'm-10419', 'm-10420', 'm-10421', 'm-10422', 'm-10423', 'm-10424', 'm-10425', 'm-10426', 'm-10427', 'm-10428', 'm-10429', 'm-10430', 'm-10431', 'm-10432', 'm-10433', 'm-10434', 'm-10435', 'm-10436', 'm-10437', 'm-10438', 'm-10439', 'm-10440', 'm-10441', 'm-10442', 'm-10443', 'm-10444', 'm-10445', 'm-10446', 'm-10447', 'm-10448', 'm-10449', 'm-10450', 'm-10451', 'm-10452', 'm-10453', 'm-10454', 'm-10455', 'm-10456', 'm-10457', 'm-10458', 'm-10459', 'm-10460', 'm-10461', 'm-10462', 'm-10463', 'm-10464', 'm-10465', 'm-10466', 'm-10467', 'm-10468', 'm-10469', 'm-10470', 'm-10471', 'm-10472', 'm-10473', 'm-10474', 'm-10475', 'm-10476', 'm-10477', 'm-10478', 'm-10479', 'm-10480', 'm-10481', 'm-10482', 'm-10483', 'm-10484', 'm-10485', 'm-10486', 'm-10487', 'm-10488', 'm-10489', 'm-10490', 'm-10491', 'm-10492', 'm-10493', 'm-10494', 'm-10495', 'm-10496', 'm-10497', 'm-10498', 'm-10499', 'm-10500', 'm-10601']
2025-05-17 07:54:00 - [m-10601] Attempting to compute cluster key from full state...
2025-05-17 07:54:00 - [m-10601] Computed new cluster key K_cluster (from full state): 471269197698382137510233217426... (took 0.263 ms)
2025-05-17 07:54:00 - [m-10601] [MEMBER] Execution time for key computation (full state): 0.263 ms
2025-05-17 07:54:34 - [m-10601] Starting Member Node: m-10601
2025-05-17 07:54:34 - [m-10601] Loading config: /mnt/workarea/H-SBP/config/hsbp_config.json
2025-05-17 07:54:34 - [m-10601] Loading secrets: /mnt/workarea/H-SBP/config/hsbp_secrets.json
2025-05-17 07:54:34 - [m-10601] Loaded DH params...
2025-05-17 07:54:34 - [m-10601] Loading CH public key: /mnt/workarea/H-SBP/keys/ch1_public.pem
2025-05-17 07:54:34 - [m-10601] Starting node m-10601 as MEMBER in Cluster 1
2025-05-17 07:54:34 - [m-10601] My CH is ch-1. Target CH Address: ('172.16.0.2', 5001)
2025-05-17 07:54:34 - [m-10601] Listening for cluster broadcasts on UDP ('172.16.0.255', 6001)
2025-05-17 07:54:34 - [m-10601] Successfully bound UDP listener to ('172.16.0.255', 6001)
2025-05-17 07:54:34 - [m-10601] Attempt 1: Connecting to CH ch-1 at ('172.16.0.2', 5001)
2025-05-17 07:54:34 - [m-10601] Connected to CH via TCP.
2025-05-17 07:54:34 - [m-10601] Sending ID: ID:m-10601
2025-05-17 07:54:34 - [m-10601] Sending T_i: T_I:46713907177096841564084689781682501905961636889467928965769519328370053110074
2025-05-17 07:54:34 - [m-10601] ID and T_i sent.
2025-05-17 07:54:34 - [m-10601] Listening on UDP ('172.16.0.255', 6001) for cluster messages...
2025-05-17 07:54:34 - [m-10601] Processing KEY_UPDATE from CH...
2025-05-17 07:54:34 - [m-10601] Detected minimal join update format.
2025-05-17 07:54:34 - [m-10601] Computing cluster key as the JOINING member...
2025-05-17 07:54:34 - [m-10601] Computed initial K_cluster as JOINER: 617789915801237748275240880574... (took 0.545 ms)
2025-05-17 07:54:34 - [m-10601] [MEMBER] Execution time for joining key computation: 0.545 ms
2025-05-17 07:54:36 - [m-10601] Received all 67 fragments for message 1747468476.292759. Reassembling...
2025-05-17 07:54:36 - [m-10601] Reassembly successful for 1747468476.292759. Processing.
2025-05-17 07:54:36 - [m-10601] Processing KEY_UPDATE from CH...
2025-05-17 07:54:36 - [m-10601] Processing full state update format.
2025-05-17 07:54:36 - [m-10601] Received Cluster State: Seq=['ch-1', 'm-10001', 'm-10002', 'm-10003', 'm-10004', 'm-10005', 'm-10006', 'm-10007', 'm-10008', 'm-10009', 'm-10010', 'm-10011', 'm-10012', 'm-10013', 'm-10014', 'm-10015', 'm-10016', 'm-10017', 'm-10018', 'm-10019', 'm-10020', 'm-10021', 'm-10022', 'm-10023', 'm-10024', 'm-10025', 'm-10026', 'm-10027', 'm-10028', 'm-10029', 'm-10030', 'm-10031', 'm-10032', 'm-10033', 'm-10034', 'm-10035', 'm-10036', 'm-10037', 'm-10038', 'm-10039', 'm-10040', 'm-10041', 'm-10042', 'm-10043', 'm-10044', 'm-10045', 'm-10046', 'm-10047', 'm-10048', 'm-10049', 'm-10050', 'm-10051', 'm-10052', 'm-10053', 'm-10054', 'm-10055', 'm-10056', 'm-10057', 'm-10058', 'm-10059', 'm-10060', 'm-10061', 'm-10062', 'm-10063', 'm-10064', 'm-10065', 'm-10066', 'm-10067', 'm-10068', 'm-10069', 'm-10070', 'm-10071', 'm-10072', 'm-10073', 'm-10074', 'm-10075', 'm-10076', 'm-10077', 'm-10078', 'm-10079', 'm-10080', 'm-10081', 'm-10082', 'm-10083', 'm-10084', 'm-10085', 'm-10086', 'm-10087', 'm-10088', 'm-10089', 'm-10090', 'm-10091', 'm-10092', 'm-10093', 'm-10094', 'm-10095', 'm-10096', 'm-10097', 'm-10098', 'm-10099', 'm-10100', 'm-10101', 'm-10102', 'm-10103', 'm-10104', 'm-10105', 'm-10106', 'm-10107', 'm-10108', 'm-10109', 'm-10110', 'm-10111', 'm-10112', 'm-10113', 'm-10114', 'm-10115', 'm-10116', 'm-10117', 'm-10118', 'm-10119', 'm-10120', 'm-10121', 'm-10122', 'm-10123', 'm-10124', 'm-10125', 'm-10126', 'm-10127', 'm-10128', 'm-10129', 'm-10130', 'm-10131', 'm-10132', 'm-10133', 'm-10134', 'm-10135', 'm-10136', 'm-10137', 'm-10138', 'm-10139', 'm-10140', 'm-10141', 'm-10142', 'm-10143', 'm-10144', 'm-10145', 'm-10146', 'm-10147', 'm-10148', 'm-10149', 'm-10150', 'm-10151', 'm-10152', 'm-10153', 'm-10154', 'm-10155', 'm-10156', 'm-10157', 'm-10158', 'm-10159', 'm-10160', 'm-10161', 'm-10162', 'm-10163', 'm-10164', 'm-10165', 'm-10166', 'm-10167', 'm-10168', 'm-10169', 'm-10170', 'm-10171', 'm-10172', 'm-10173', 'm-10174', 'm-10175', 'm-10176', 'm-10177', 'm-10178', 'm-10179', 'm-10180', 'm-10181', 'm-10182', 'm-10183', 'm-10184', 'm-10185', 'm-10186', 'm-10187', 'm-10188', 'm-10189', 'm-10190', 'm-10191', 'm-10192', 'm-10193', 'm-10194', 'm-10195', 'm-10196', 'm-10197', 'm-10198', 'm-10199', 'm-10200', 'm-10201', 'm-10202', 'm-10203', 'm-10204', 'm-10205', 'm-10206', 'm-10207', 'm-10208', 'm-10209', 'm-10210', 'm-10211', 'm-10212', 'm-10213', 'm-10214', 'm-10215', 'm-10216', 'm-10217', 'm-10218', 'm-10219', 'm-10220', 'm-10221', 'm-10222', 'm-10223', 'm-10224', 'm-10225', 'm-10226', 'm-10227', 'm-10228', 'm-10229', 'm-10230', 'm-10231', 'm-10232', 'm-10233', 'm-10234', 'm-10235', 'm-10236', 'm-10237', 'm-10238', 'm-10239', 'm-10240', 'm-10241', 'm-10242', 'm-10243', 'm-10244', 'm-10245', 'm-10246', 'm-10247', 'm-10248', 'm-10249', 'm-10250', 'm-10251', 'm-10252', 'm-10253', 'm-10254', 'm-10255', 'm-10256', 'm-10257', 'm-10258', 'm-10259', 'm-10260', 'm-10261', 'm-10262', 'm-10263', 'm-10264', 'm-10265', 'm-10266', 'm-10267', 'm-10268', 'm-10269', 'm-10270', 'm-10271', 'm-10272', 'm-10273', 'm-10274', 'm-10275', 'm-10276', 'm-10277', 'm-10278', 'm-10279', 'm-10280', 'm-10281', 'm-10282', 'm-10283', 'm-10284', 'm-10285', 'm-10286', 'm-10287', 'm-10288', 'm-10289', 'm-10290', 'm-10291', 'm-10292', 'm-10293', 'm-10294', 'm-10295', 'm-10296', 'm-10297', 'm-10298', 'm-10299', 'm-10300', 'm-10301', 'm-10302', 'm-10303', 'm-10304', 'm-10305', 'm-10306', 'm-10307', 'm-10308', 'm-10309', 'm-10310', 'm-10311', 'm-10312', 'm-10313', 'm-10314', 'm-10315', 'm-10316', 'm-10317', 'm-10318', 'm-10319', 'm-10320', 'm-10321', 'm-10322', 'm-10323', 'm-10324', 'm-10325', 'm-10326', 'm-10327', 'm-10328', 'm-10329', 'm-10330', 'm-10331', 'm-10332', 'm-10333', 'm-10334', 'm-10335', 'm-10336', 'm-10337', 'm-10338', 'm-10339', 'm-10340', 'm-10341', 'm-10342', 'm-10343', 'm-10344', 'm-10345', 'm-10346', 'm-10347', 'm-10348', 'm-10349', 'm-10350', 'm-10351', 'm-10352', 'm-10353', 'm-10354', 'm-10355', 'm-10356', 'm-10357', 'm-10358', 'm-10359', 'm-10360', 'm-10361', 'm-10362', 'm-10363', 'm-10364', 'm-10365', 'm-10366', 'm-10367', 'm-10368', 'm-10369', 'm-10370', 'm-10371', 'm-10372', 'm-10373', 'm-10374', 'm-10375', 'm-10376', 'm-10377', 'm-10378', 'm-10379', 'm-10380', 'm-10381', 'm-10382', 'm-10383', 'm-10384', 'm-10385', 'm-10386', 'm-10387', 'm-10388', 'm-10389', 'm-10390', 'm-10391', 'm-10392', 'm-10393', 'm-10394', 'm-10395', 'm-10396', 'm-10397', 'm-10398', 'm-10399', 'm-10400', 'm-10401', 'm-10402', 'm-10403', 'm-10404', 'm-10405', 'm-10406', 'm-10407', 'm-10408', 'm-10409', 'm-10410', 'm-10411', 'm-10412', 'm-10413', 'm-10414', 'm-10415', 'm-10416', 'm-10417', 'm-10418', 'm-10419', 'm-10420', 'm-10421', 'm-10422', 'm-10423', 'm-10424', 'm-10425', 'm-10426', 'm-10427', 'm-10428', 'm-10429', 'm-10430', 'm-10431', 'm-10432', 'm-10433', 'm-10434', 'm-10435', 'm-10436', 'm-10437', 'm-10438', 'm-10439', 'm-10440', 'm-10441', 'm-10442', 'm-10443', 'm-10444', 'm-10445', 'm-10446', 'm-10447', 'm-10448', 'm-10449', 'm-10450', 'm-10451', 'm-10452', 'm-10453', 'm-10454', 'm-10455', 'm-10456', 'm-10457', 'm-10458', 'm-10459', 'm-10460', 'm-10461', 'm-10462', 'm-10463', 'm-10464', 'm-10465', 'm-10466', 'm-10467', 'm-10468', 'm-10469', 'm-10470', 'm-10471', 'm-10472', 'm-10473', 'm-10474', 'm-10475', 'm-10476', 'm-10477', 'm-10478', 'm-10479', 'm-10480', 'm-10481', 'm-10482', 'm-10483', 'm-10484', 'm-10485', 'm-10486', 'm-10487', 'm-10488', 'm-10489', 'm-10490', 'm-10491', 'm-10492', 'm-10493', 'm-10494', 'm-10495', 'm-10496', 'm-10497', 'm-10498', 'm-10499', 'm-10500', 'm-10601']
2025-05-17 07:54:36 - [m-10601] Attempting to compute cluster key from full state...
2025-05-17 07:54:36 - [m-10601] Computed new cluster key K_cluster (from full state): 471269197698382137510233217426... (took 0.231 ms)
2025-05-17 07:54:36 - [m-10601] [MEMBER] Execution time for key computation (full state): 0.231 ms
2025-05-17 07:55:10 - [m-10601] Starting Member Node: m-10601
2025-05-17 07:55:10 - [m-10601] Loading config: /mnt/workarea/H-SBP/config/hsbp_config.json
2025-05-17 07:55:10 - [m-10601] Loading secrets: /mnt/workarea/H-SBP/config/hsbp_secrets.json
2025-05-17 07:55:10 - [m-10601] Loaded DH params...
2025-05-17 07:55:10 - [m-10601] Loading CH public key: /mnt/workarea/H-SBP/keys/ch1_public.pem
2025-05-17 07:55:10 - [m-10601] Starting node m-10601 as MEMBER in Cluster 1
2025-05-17 07:55:10 - [m-10601] My CH is ch-1. Target CH Address: ('172.16.0.2', 5001)
2025-05-17 07:55:10 - [m-10601] Listening for cluster broadcasts on UDP ('172.16.0.255', 6001)
2025-05-17 07:55:10 - [m-10601] Successfully bound UDP listener to ('172.16.0.255', 6001)
2025-05-17 07:55:10 - [m-10601] Attempt 1: Connecting to CH ch-1 at ('172.16.0.2', 5001)
2025-05-17 07:55:10 - [m-10601] Connected to CH via TCP.
2025-05-17 07:55:10 - [m-10601] Sending ID: ID:m-10601
2025-05-17 07:55:10 - [m-10601] Sending T_i: T_I:46713907177096841564084689781682501905961636889467928965769519328370053110074
2025-05-17 07:55:10 - [m-10601] ID and T_i sent.
2025-05-17 07:55:10 - [m-10601] Listening on UDP ('172.16.0.255', 6001) for cluster messages...
2025-05-17 07:55:10 - [m-10601] Processing KEY_UPDATE from CH...
2025-05-17 07:55:10 - [m-10601] Detected minimal join update format.
2025-05-17 07:55:10 - [m-10601] Computing cluster key as the JOINING member...
2025-05-17 07:55:10 - [m-10601] Computed initial K_cluster as JOINER: 617789915801237748275240880574... (took 0.191 ms)
2025-05-17 07:55:10 - [m-10601] [MEMBER] Execution time for joining key computation: 0.191 ms
2025-05-17 07:55:12 - [m-10601] Received all 67 fragments for message 1747468512.477087. Reassembling...
2025-05-17 07:55:12 - [m-10601] Reassembly successful for 1747468512.477087. Processing.
2025-05-17 07:55:12 - [m-10601] Processing KEY_UPDATE from CH...
2025-05-17 07:55:12 - [m-10601] Processing full state update format.
2025-05-17 07:55:12 - [m-10601] Received Cluster State: Seq=['ch-1', 'm-10001', 'm-10002', 'm-10003', 'm-10004', 'm-10005', 'm-10006', 'm-10007', 'm-10008', 'm-10009', 'm-10010', 'm-10011', 'm-10012', 'm-10013', 'm-10014', 'm-10015', 'm-10016', 'm-10017', 'm-10018', 'm-10019', 'm-10020', 'm-10021', 'm-10022', 'm-10023', 'm-10024', 'm-10025', 'm-10026', 'm-10027', 'm-10028', 'm-10029', 'm-10030', 'm-10031', 'm-10032', 'm-10033', 'm-10034', 'm-10035', 'm-10036', 'm-10037', 'm-10038', 'm-10039', 'm-10040', 'm-10041', 'm-10042', 'm-10043', 'm-10044', 'm-10045', 'm-10046', 'm-10047', 'm-10048', 'm-10049', 'm-10050', 'm-10051', 'm-10052', 'm-10053', 'm-10054', 'm-10055', 'm-10056', 'm-10057', 'm-10058', 'm-10059', 'm-10060', 'm-10061', 'm-10062', 'm-10063', 'm-10064', 'm-10065', 'm-10066', 'm-10067', 'm-10068', 'm-10069', 'm-10070', 'm-10071', 'm-10072', 'm-10073', 'm-10074', 'm-10075', 'm-10076', 'm-10077', 'm-10078', 'm-10079', 'm-10080', 'm-10081', 'm-10082', 'm-10083', 'm-10084', 'm-10085', 'm-10086', 'm-10087', 'm-10088', 'm-10089', 'm-10090', 'm-10091', 'm-10092', 'm-10093', 'm-10094', 'm-10095', 'm-10096', 'm-10097', 'm-10098', 'm-10099', 'm-10100', 'm-10101', 'm-10102', 'm-10103', 'm-10104', 'm-10105', 'm-10106', 'm-10107', 'm-10108', 'm-10109', 'm-10110', 'm-10111', 'm-10112', 'm-10113', 'm-10114', 'm-10115', 'm-10116', 'm-10117', 'm-10118', 'm-10119', 'm-10120', 'm-10121', 'm-10122', 'm-10123', 'm-10124', 'm-10125', 'm-10126', 'm-10127', 'm-10128', 'm-10129', 'm-10130', 'm-10131', 'm-10132', 'm-10133', 'm-10134', 'm-10135', 'm-10136', 'm-10137', 'm-10138', 'm-10139', 'm-10140', 'm-10141', 'm-10142', 'm-10143', 'm-10144', 'm-10145', 'm-10146', 'm-10147', 'm-10148', 'm-10149', 'm-10150', 'm-10151', 'm-10152', 'm-10153', 'm-10154', 'm-10155', 'm-10156', 'm-10157', 'm-10158', 'm-10159', 'm-10160', 'm-10161', 'm-10162', 'm-10163', 'm-10164', 'm-10165', 'm-10166', 'm-10167', 'm-10168', 'm-10169', 'm-10170', 'm-10171', 'm-10172', 'm-10173', 'm-10174', 'm-10175', 'm-10176', 'm-10177', 'm-10178', 'm-10179', 'm-10180', 'm-10181', 'm-10182', 'm-10183', 'm-10184', 'm-10185', 'm-10186', 'm-10187', 'm-10188', 'm-10189', 'm-10190', 'm-10191', 'm-10192', 'm-10193', 'm-10194', 'm-10195', 'm-10196', 'm-10197', 'm-10198', 'm-10199', 'm-10200', 'm-10201', 'm-10202', 'm-10203', 'm-10204', 'm-10205', 'm-10206', 'm-10207', 'm-10208', 'm-10209', 'm-10210', 'm-10211', 'm-10212', 'm-10213', 'm-10214', 'm-10215', 'm-10216', 'm-10217', 'm-10218', 'm-10219', 'm-10220', 'm-10221', 'm-10222', 'm-10223', 'm-10224', 'm-10225', 'm-10226', 'm-10227', 'm-10228', 'm-10229', 'm-10230', 'm-10231', 'm-10232', 'm-10233', 'm-10234', 'm-10235', 'm-10236', 'm-10237', 'm-10238', 'm-10239', 'm-10240', 'm-10241', 'm-10242', 'm-10243', 'm-10244', 'm-10245', 'm-10246', 'm-10247', 'm-10248', 'm-10249', 'm-10250', 'm-10251', 'm-10252', 'm-10253', 'm-10254', 'm-10255', 'm-10256', 'm-10257', 'm-10258', 'm-10259', 'm-10260', 'm-10261', 'm-10262', 'm-10263', 'm-10264', 'm-10265', 'm-10266', 'm-10267', 'm-10268', 'm-10269', 'm-10270', 'm-10271', 'm-10272', 'm-10273', 'm-10274', 'm-10275', 'm-10276', 'm-10277', 'm-10278', 'm-10279', 'm-10280', 'm-10281', 'm-10282', 'm-10283', 'm-10284', 'm-10285', 'm-10286', 'm-10287', 'm-10288', 'm-10289', 'm-10290', 'm-10291', 'm-10292', 'm-10293', 'm-10294', 'm-10295', 'm-10296', 'm-10297', 'm-10298', 'm-10299', 'm-10300', 'm-10301', 'm-10302', 'm-10303', 'm-10304', 'm-10305', 'm-10306', 'm-10307', 'm-10308', 'm-10309', 'm-10310', 'm-10311', 'm-10312', 'm-10313', 'm-10314', 'm-10315', 'm-10316', 'm-10317', 'm-10318', 'm-10319', 'm-10320', 'm-10321', 'm-10322', 'm-10323', 'm-10324', 'm-10325', 'm-10326', 'm-10327', 'm-10328', 'm-10329', 'm-10330', 'm-10331', 'm-10332', 'm-10333', 'm-10334', 'm-10335', 'm-10336', 'm-10337', 'm-10338', 'm-10339', 'm-10340', 'm-10341', 'm-10342', 'm-10343', 'm-10344', 'm-10345', 'm-10346', 'm-10347', 'm-10348', 'm-10349', 'm-10350', 'm-10351', 'm-10352', 'm-10353', 'm-10354', 'm-10355', 'm-10356', 'm-10357', 'm-10358', 'm-10359', 'm-10360', 'm-10361', 'm-10362', 'm-10363', 'm-10364', 'm-10365', 'm-10366', 'm-10367', 'm-10368', 'm-10369', 'm-10370', 'm-10371', 'm-10372', 'm-10373', 'm-10374', 'm-10375', 'm-10376', 'm-10377', 'm-10378', 'm-10379', 'm-10380', 'm-10381', 'm-10382', 'm-10383', 'm-10384', 'm-10385', 'm-10386', 'm-10387', 'm-10388', 'm-10389', 'm-10390', 'm-10391', 'm-10392', 'm-10393', 'm-10394', 'm-10395', 'm-10396', 'm-10397', 'm-10398', 'm-10399', 'm-10400', 'm-10401', 'm-10402', 'm-10403', 'm-10404', 'm-10405', 'm-10406', 'm-10407', 'm-10408', 'm-10409', 'm-10410', 'm-10411', 'm-10412', 'm-10413', 'm-10414', 'm-10415', 'm-10416', 'm-10417', 'm-10418', 'm-10419', 'm-10420', 'm-10421', 'm-10422', 'm-10423', 'm-10424', 'm-10425', 'm-10426', 'm-10427', 'm-10428', 'm-10429', 'm-10430', 'm-10431', 'm-10432', 'm-10433', 'm-10434', 'm-10435', 'm-10436', 'm-10437', 'm-10438', 'm-10439', 'm-10440', 'm-10441', 'm-10442', 'm-10443', 'm-10444', 'm-10445', 'm-10446', 'm-10447', 'm-10448', 'm-10449', 'm-10450', 'm-10451', 'm-10452', 'm-10453', 'm-10454', 'm-10455', 'm-10456', 'm-10457', 'm-10458', 'm-10459', 'm-10460', 'm-10461', 'm-10462', 'm-10463', 'm-10464', 'm-10465', 'm-10466', 'm-10467', 'm-10468', 'm-10469', 'm-10470', 'm-10471', 'm-10472', 'm-10473', 'm-10474', 'm-10475', 'm-10476', 'm-10477', 'm-10478', 'm-10479', 'm-10480', 'm-10481', 'm-10482', 'm-10483', 'm-10484', 'm-10485', 'm-10486', 'm-10487', 'm-10488', 'm-10489', 'm-10490', 'm-10491', 'm-10492', 'm-10493', 'm-10494', 'm-10495', 'm-10496', 'm-10497', 'm-10498', 'm-10499', 'm-10500', 'm-10601']
2025-05-17 07:55:12 - [m-10601] Attempting to compute cluster key from full state...
2025-05-17 07:55:12 - [m-10601] Computed new cluster key K_cluster (from full state): 471269197698382137510233217426... (took 0.235 ms)
2025-05-17 07:55:12 - [m-10601] [MEMBER] Execution time for key computation (full state): 0.235 ms
2025-05-17 07:55:46 - [m-10601] Starting Member Node: m-10601
2025-05-17 07:55:46 - [m-10601] Loading config: /mnt/workarea/H-SBP/config/hsbp_config.json
2025-05-17 07:55:46 - [m-10601] Loading secrets: /mnt/workarea/H-SBP/config/hsbp_secrets.json
2025-05-17 07:55:46 - [m-10601] Loaded DH params...
2025-05-17 07:55:46 - [m-10601] Loading CH public key: /mnt/workarea/H-SBP/keys/ch1_public.pem
2025-05-17 07:55:46 - [m-10601] Starting node m-10601 as MEMBER in Cluster 1
2025-05-17 07:55:46 - [m-10601] My CH is ch-1. Target CH Address: ('172.16.0.2', 5001)
2025-05-17 07:55:46 - [m-10601] Listening for cluster broadcasts on UDP ('172.16.0.255', 6001)
2025-05-17 07:55:46 - [m-10601] Successfully bound UDP listener to ('172.16.0.255', 6001)
2025-05-17 07:55:46 - [m-10601] Attempt 1: Connecting to CH ch-1 at ('172.16.0.2', 5001)
2025-05-17 07:55:46 - [m-10601] Connected to CH via TCP.
2025-05-17 07:55:46 - [m-10601] Sending ID: ID:m-10601
2025-05-17 07:55:46 - [m-10601] Sending T_i: T_I:46713907177096841564084689781682501905961636889467928965769519328370053110074
2025-05-17 07:55:46 - [m-10601] ID and T_i sent.
2025-05-17 07:55:46 - [m-10601] Listening on UDP ('172.16.0.255', 6001) for cluster messages...
2025-05-17 07:55:46 - [m-10601] Processing KEY_UPDATE from CH...
2025-05-17 07:55:46 - [m-10601] Detected minimal join update format.
2025-05-17 07:55:46 - [m-10601] Computing cluster key as the JOINING member...
2025-05-17 07:55:46 - [m-10601] Computed initial K_cluster as JOINER: 617789915801237748275240880574... (took 0.526 ms)
2025-05-17 07:55:46 - [m-10601] [MEMBER] Execution time for joining key computation: 0.526 ms
2025-05-17 07:55:48 - [m-10601] Received all 67 fragments for message 1747468548.732957. Reassembling...
2025-05-17 07:55:48 - [m-10601] Reassembly successful for 1747468548.732957. Processing.
2025-05-17 07:55:48 - [m-10601] Processing KEY_UPDATE from CH...
2025-05-17 07:55:48 - [m-10601] Processing full state update format.
2025-05-17 07:55:48 - [m-10601] Received Cluster State: Seq=['ch-1', 'm-10001', 'm-10002', 'm-10003', 'm-10004', 'm-10005', 'm-10006', 'm-10007', 'm-10008', 'm-10009', 'm-10010', 'm-10011', 'm-10012', 'm-10013', 'm-10014', 'm-10015', 'm-10016', 'm-10017', 'm-10018', 'm-10019', 'm-10020', 'm-10021', 'm-10022', 'm-10023', 'm-10024', 'm-10025', 'm-10026', 'm-10027', 'm-10028', 'm-10029', 'm-10030', 'm-10031', 'm-10032', 'm-10033', 'm-10034', 'm-10035', 'm-10036', 'm-10037', 'm-10038', 'm-10039', 'm-10040', 'm-10041', 'm-10042', 'm-10043', 'm-10044', 'm-10045', 'm-10046', 'm-10047', 'm-10048', 'm-10049', 'm-10050', 'm-10051', 'm-10052', 'm-10053', 'm-10054', 'm-10055', 'm-10056', 'm-10057', 'm-10058', 'm-10059', 'm-10060', 'm-10061', 'm-10062', 'm-10063', 'm-10064', 'm-10065', 'm-10066', 'm-10067', 'm-10068', 'm-10069', 'm-10070', 'm-10071', 'm-10072', 'm-10073', 'm-10074', 'm-10075', 'm-10076', 'm-10077', 'm-10078', 'm-10079', 'm-10080', 'm-10081', 'm-10082', 'm-10083', 'm-10084', 'm-10085', 'm-10086', 'm-10087', 'm-10088', 'm-10089', 'm-10090', 'm-10091', 'm-10092', 'm-10093', 'm-10094', 'm-10095', 'm-10096', 'm-10097', 'm-10098', 'm-10099', 'm-10100', 'm-10101', 'm-10102', 'm-10103', 'm-10104', 'm-10105', 'm-10106', 'm-10107', 'm-10108', 'm-10109', 'm-10110', 'm-10111', 'm-10112', 'm-10113', 'm-10114', 'm-10115', 'm-10116', 'm-10117', 'm-10118', 'm-10119', 'm-10120', 'm-10121', 'm-10122', 'm-10123', 'm-10124', 'm-10125', 'm-10126', 'm-10127', 'm-10128', 'm-10129', 'm-10130', 'm-10131', 'm-10132', 'm-10133', 'm-10134', 'm-10135', 'm-10136', 'm-10137', 'm-10138', 'm-10139', 'm-10140', 'm-10141', 'm-10142', 'm-10143', 'm-10144', 'm-10145', 'm-10146', 'm-10147', 'm-10148', 'm-10149', 'm-10150', 'm-10151', 'm-10152', 'm-10153', 'm-10154', 'm-10155', 'm-10156', 'm-10157', 'm-10158', 'm-10159', 'm-10160', 'm-10161', 'm-10162', 'm-10163', 'm-10164', 'm-10165', 'm-10166', 'm-10167', 'm-10168', 'm-10169', 'm-10170', 'm-10171', 'm-10172', 'm-10173', 'm-10174', 'm-10175', 'm-10176', 'm-10177', 'm-10178', 'm-10179', 'm-10180', 'm-10181', 'm-10182', 'm-10183', 'm-10184', 'm-10185', 'm-10186', 'm-10187', 'm-10188', 'm-10189', 'm-10190', 'm-10191', 'm-10192', 'm-10193', 'm-10194', 'm-10195', 'm-10196', 'm-10197', 'm-10198', 'm-10199', 'm-10200', 'm-10201', 'm-10202', 'm-10203', 'm-10204', 'm-10205', 'm-10206', 'm-10207', 'm-10208', 'm-10209', 'm-10210', 'm-10211', 'm-10212', 'm-10213', 'm-10214', 'm-10215', 'm-10216', 'm-10217', 'm-10218', 'm-10219', 'm-10220', 'm-10221', 'm-10222', 'm-10223', 'm-10224', 'm-10225', 'm-10226', 'm-10227', 'm-10228', 'm-10229', 'm-10230', 'm-10231', 'm-10232', 'm-10233', 'm-10234', 'm-10235', 'm-10236', 'm-10237', 'm-10238', 'm-10239', 'm-10240', 'm-10241', 'm-10242', 'm-10243', 'm-10244', 'm-10245', 'm-10246', 'm-10247', 'm-10248', 'm-10249', 'm-10250', 'm-10251', 'm-10252', 'm-10253', 'm-10254', 'm-10255', 'm-10256', 'm-10257', 'm-10258', 'm-10259', 'm-10260', 'm-10261', 'm-10262', 'm-10263', 'm-10264', 'm-10265', 'm-10266', 'm-10267', 'm-10268', 'm-10269', 'm-10270', 'm-10271', 'm-10272', 'm-10273', 'm-10274', 'm-10275', 'm-10276', 'm-10277', 'm-10278', 'm-10279', 'm-10280', 'm-10281', 'm-10282', 'm-10283', 'm-10284', 'm-10285', 'm-10286', 'm-10287', 'm-10288', 'm-10289', 'm-10290', 'm-10291', 'm-10292', 'm-10293', 'm-10294', 'm-10295', 'm-10296', 'm-10297', 'm-10298', 'm-10299', 'm-10300', 'm-10301', 'm-10302', 'm-10303', 'm-10304', 'm-10305', 'm-10306', 'm-10307', 'm-10308', 'm-10309', 'm-10310', 'm-10311', 'm-10312', 'm-10313', 'm-10314', 'm-10315', 'm-10316', 'm-10317', 'm-10318', 'm-10319', 'm-10320', 'm-10321', 'm-10322', 'm-10323', 'm-10324', 'm-10325', 'm-10326', 'm-10327', 'm-10328', 'm-10329', 'm-10330', 'm-10331', 'm-10332', 'm-10333', 'm-10334', 'm-10335', 'm-10336', 'm-10337', 'm-10338', 'm-10339', 'm-10340', 'm-10341', 'm-10342', 'm-10343', 'm-10344', 'm-10345', 'm-10346', 'm-10347', 'm-10348', 'm-10349', 'm-10350', 'm-10351', 'm-10352', 'm-10353', 'm-10354', 'm-10355', 'm-10356', 'm-10357', 'm-10358', 'm-10359', 'm-10360', 'm-10361', 'm-10362', 'm-10363', 'm-10364', 'm-10365', 'm-10366', 'm-10367', 'm-10368', 'm-10369', 'm-10370', 'm-10371', 'm-10372', 'm-10373', 'm-10374', 'm-10375', 'm-10376', 'm-10377', 'm-10378', 'm-10379', 'm-10380', 'm-10381', 'm-10382', 'm-10383', 'm-10384', 'm-10385', 'm-10386', 'm-10387', 'm-10388', 'm-10389', 'm-10390', 'm-10391', 'm-10392', 'm-10393', 'm-10394', 'm-10395', 'm-10396', 'm-10397', 'm-10398', 'm-10399', 'm-10400', 'm-10401', 'm-10402', 'm-10403', 'm-10404', 'm-10405', 'm-10406', 'm-10407', 'm-10408', 'm-10409', 'm-10410', 'm-10411', 'm-10412', 'm-10413', 'm-10414', 'm-10415', 'm-10416', 'm-10417', 'm-10418', 'm-10419', 'm-10420', 'm-10421', 'm-10422', 'm-10423', 'm-10424', 'm-10425', 'm-10426', 'm-10427', 'm-10428', 'm-10429', 'm-10430', 'm-10431', 'm-10432', 'm-10433', 'm-10434', 'm-10435', 'm-10436', 'm-10437', 'm-10438', 'm-10439', 'm-10440', 'm-10441', 'm-10442', 'm-10443', 'm-10444', 'm-10445', 'm-10446', 'm-10447', 'm-10448', 'm-10449', 'm-10450', 'm-10451', 'm-10452', 'm-10453', 'm-10454', 'm-10455', 'm-10456', 'm-10457', 'm-10458', 'm-10459', 'm-10460', 'm-10461', 'm-10462', 'm-10463', 'm-10464', 'm-10465', 'm-10466', 'm-10467', 'm-10468', 'm-10469', 'm-10470', 'm-10471', 'm-10472', 'm-10473', 'm-10474', 'm-10475', 'm-10476', 'm-10477', 'm-10478', 'm-10479', 'm-10480', 'm-10481', 'm-10482', 'm-10483', 'm-10484', 'm-10485', 'm-10486', 'm-10487', 'm-10488', 'm-10489', 'm-10490', 'm-10491', 'm-10492', 'm-10493', 'm-10494', 'm-10495', 'm-10496', 'm-10497', 'm-10498', 'm-10499', 'm-10500', 'm-10601']
2025-05-17 07:55:48 - [m-10601] Attempting to compute cluster key from full state...
2025-05-17 07:55:48 - [m-10601] Computed new cluster key K_cluster (from full state): 471269197698382137510233217426... (took 0.288 ms)
2025-05-17 07:55:48 - [m-10601] [MEMBER] Execution time for key computation (full state): 0.288 ms
