2025-05-17 07:44:20 - [m-10401] Starting Member Node: m-10401
2025-05-17 07:44:20 - [m-10401] Loading config: /mnt/workarea/H-SBP/config/hsbp_config.json
2025-05-17 07:44:20 - [m-10401] Loading secrets: /mnt/workarea/H-SBP/config/hsbp_secrets.json
2025-05-17 07:44:20 - [m-10401] Loaded DH params...
2025-05-17 07:44:20 - [m-10401] Loading CH public key: /mnt/workarea/H-SBP/keys/ch1_public.pem
2025-05-17 07:44:20 - [m-10401] Starting node m-10401 as MEMBER in Cluster 1
2025-05-17 07:44:20 - [m-10401] My CH is ch-1. Target CH Address: ('172.16.0.2', 5001)
2025-05-17 07:44:20 - [m-10401] Listening for cluster broadcasts on UDP ('172.16.0.255', 6001)
2025-05-17 07:44:20 - [m-10401] Successfully bound UDP listener to ('172.16.0.255', 6001)
2025-05-17 07:44:20 - [m-10401] Attempt 1: Connecting to CH ch-1 at ('172.16.0.2', 5001)
2025-05-17 07:44:20 - [m-10401] Connected to CH via TCP.
2025-05-17 07:44:20 - [m-10401] Sending ID: ID:m-10401
2025-05-17 07:44:20 - [m-10401] Sending T_i: T_I:16354131599304277393048682360498857597846649150906077184382204293817330923505
2025-05-17 07:44:20 - [m-10401] ID and T_i sent.
2025-05-17 07:44:20 - [m-10401] Listening on UDP ('172.16.0.255', 6001) for cluster messages...
2025-05-17 07:44:20 - [m-10401] Processing KEY_UPDATE from CH...
2025-05-17 07:44:20 - [m-10401] Detected minimal join update format.
2025-05-17 07:44:20 - [m-10401] Computing cluster key as the JOINING member...
2025-05-17 07:44:20 - [m-10401] Computed initial K_cluster as JOINER: 145652896918947215137779059624... (took 0.512 ms)
2025-05-17 07:44:20 - [m-10401] [MEMBER] Execution time for joining key computation: 0.512 ms
2025-05-17 07:44:22 - [m-10401] Received all 40 fragments for message 1747467862.939616. Reassembling...
2025-05-17 07:44:22 - [m-10401] Reassembly successful for 1747467862.939616. Processing.
2025-05-17 07:44:22 - [m-10401] Processing KEY_UPDATE from CH...
2025-05-17 07:44:22 - [m-10401] Processing full state update format.
2025-05-17 07:44:22 - [m-10401] Received Cluster State: Seq=['ch-1', 'm-10001', 'm-10002', 'm-10003', 'm-10004', 'm-10005', 'm-10006', 'm-10007', 'm-10008', 'm-10009', 'm-10010', 'm-10011', 'm-10012', 'm-10013', 'm-10014', 'm-10015', 'm-10016', 'm-10017', 'm-10018', 'm-10019', 'm-10020', 'm-10021', 'm-10022', 'm-10023', 'm-10024', 'm-10025', 'm-10026', 'm-10027', 'm-10028', 'm-10029', 'm-10030', 'm-10031', 'm-10032', 'm-10033', 'm-10034', 'm-10035', 'm-10036', 'm-10037', 'm-10038', 'm-10039', 'm-10040', 'm-10041', 'm-10042', 'm-10043', 'm-10044', 'm-10045', 'm-10046', 'm-10047', 'm-10048', 'm-10049', 'm-10050', 'm-10051', 'm-10052', 'm-10053', 'm-10054', 'm-10055', 'm-10056', 'm-10057', 'm-10058', 'm-10059', 'm-10060', 'm-10061', 'm-10062', 'm-10063', 'm-10064', 'm-10065', 'm-10066', 'm-10067', 'm-10068', 'm-10069', 'm-10070', 'm-10071', 'm-10072', 'm-10073', 'm-10074', 'm-10075', 'm-10076', 'm-10077', 'm-10078', 'm-10079', 'm-10080', 'm-10081', 'm-10082', 'm-10083', 'm-10084', 'm-10085', 'm-10086', 'm-10087', 'm-10088', 'm-10089', 'm-10090', 'm-10091', 'm-10092', 'm-10093', 'm-10094', 'm-10095', 'm-10096', 'm-10097', 'm-10098', 'm-10099', 'm-10100', 'm-10101', 'm-10102', 'm-10103', 'm-10104', 'm-10105', 'm-10106', 'm-10107', 'm-10108', 'm-10109', 'm-10110', 'm-10111', 'm-10112', 'm-10113', 'm-10114', 'm-10115', 'm-10116', 'm-10117', 'm-10118', 'm-10119', 'm-10120', 'm-10121', 'm-10122', 'm-10123', 'm-10124', 'm-10125', 'm-10126', 'm-10127', 'm-10128', 'm-10129', 'm-10130', 'm-10131', 'm-10132', 'm-10133', 'm-10134', 'm-10135', 'm-10136', 'm-10137', 'm-10138', 'm-10139', 'm-10140', 'm-10141', 'm-10142', 'm-10143', 'm-10144', 'm-10145', 'm-10146', 'm-10147', 'm-10148', 'm-10149', 'm-10150', 'm-10151', 'm-10152', 'm-10153', 'm-10154', 'm-10155', 'm-10156', 'm-10157', 'm-10158', 'm-10159', 'm-10160', 'm-10161', 'm-10162', 'm-10163', 'm-10164', 'm-10165', 'm-10166', 'm-10167', 'm-10168', 'm-10169', 'm-10170', 'm-10171', 'm-10172', 'm-10173', 'm-10174', 'm-10175', 'm-10176', 'm-10177', 'm-10178', 'm-10179', 'm-10180', 'm-10181', 'm-10182', 'm-10183', 'm-10184', 'm-10185', 'm-10186', 'm-10187', 'm-10188', 'm-10189', 'm-10190', 'm-10191', 'm-10192', 'm-10193', 'm-10194', 'm-10195', 'm-10196', 'm-10197', 'm-10198', 'm-10199', 'm-10200', 'm-10201', 'm-10202', 'm-10203', 'm-10204', 'm-10205', 'm-10206', 'm-10207', 'm-10208', 'm-10209', 'm-10210', 'm-10211', 'm-10212', 'm-10213', 'm-10214', 'm-10215', 'm-10216', 'm-10217', 'm-10218', 'm-10219', 'm-10220', 'm-10221', 'm-10222', 'm-10223', 'm-10224', 'm-10225', 'm-10226', 'm-10227', 'm-10228', 'm-10229', 'm-10230', 'm-10231', 'm-10232', 'm-10233', 'm-10234', 'm-10235', 'm-10236', 'm-10237', 'm-10238', 'm-10239', 'm-10240', 'm-10241', 'm-10242', 'm-10243', 'm-10244', 'm-10245', 'm-10246', 'm-10247', 'm-10248', 'm-10249', 'm-10250', 'm-10251', 'm-10252', 'm-10253', 'm-10254', 'm-10255', 'm-10256', 'm-10257', 'm-10258', 'm-10259', 'm-10260', 'm-10261', 'm-10262', 'm-10263', 'm-10264', 'm-10265', 'm-10266', 'm-10267', 'm-10268', 'm-10269', 'm-10270', 'm-10271', 'm-10272', 'm-10273', 'm-10274', 'm-10275', 'm-10276', 'm-10277', 'm-10278', 'm-10279', 'm-10280', 'm-10281', 'm-10282', 'm-10283', 'm-10284', 'm-10285', 'm-10286', 'm-10287', 'm-10288', 'm-10289', 'm-10290', 'm-10291', 'm-10292', 'm-10293', 'm-10294', 'm-10295', 'm-10296', 'm-10297', 'm-10298', 'm-10299', 'm-10300', 'm-10401']
2025-05-17 07:44:22 - [m-10401] Attempting to compute cluster key from full state...
2025-05-17 07:44:22 - [m-10401] Computed new cluster key K_cluster (from full state): 294854416903541310885726786025... (took 0.292 ms)
2025-05-17 07:44:22 - [m-10401] [MEMBER] Execution time for key computation (full state): 0.292 ms
2025-05-17 07:44:56 - [m-10401] Starting Member Node: m-10401
2025-05-17 07:44:56 - [m-10401] Loading config: /mnt/workarea/H-SBP/config/hsbp_config.json
2025-05-17 07:44:56 - [m-10401] Loading secrets: /mnt/workarea/H-SBP/config/hsbp_secrets.json
2025-05-17 07:44:56 - [m-10401] Loaded DH params...
2025-05-17 07:44:56 - [m-10401] Loading CH public key: /mnt/workarea/H-SBP/keys/ch1_public.pem
2025-05-17 07:44:56 - [m-10401] Starting node m-10401 as MEMBER in Cluster 1
2025-05-17 07:44:56 - [m-10401] My CH is ch-1. Target CH Address: ('172.16.0.2', 5001)
2025-05-17 07:44:56 - [m-10401] Listening for cluster broadcasts on UDP ('172.16.0.255', 6001)
2025-05-17 07:44:56 - [m-10401] Successfully bound UDP listener to ('172.16.0.255', 6001)
2025-05-17 07:44:56 - [m-10401] Attempt 1: Connecting to CH ch-1 at ('172.16.0.2', 5001)
2025-05-17 07:44:56 - [m-10401] Connected to CH via TCP.
2025-05-17 07:44:56 - [m-10401] Sending ID: ID:m-10401
2025-05-17 07:44:56 - [m-10401] Sending T_i: T_I:16354131599304277393048682360498857597846649150906077184382204293817330923505
2025-05-17 07:44:56 - [m-10401] ID and T_i sent.
2025-05-17 07:44:56 - [m-10401] Listening on UDP ('172.16.0.255', 6001) for cluster messages...
2025-05-17 07:44:56 - [m-10401] Processing KEY_UPDATE from CH...
2025-05-17 07:44:56 - [m-10401] Detected minimal join update format.
2025-05-17 07:44:56 - [m-10401] Computing cluster key as the JOINING member...
2025-05-17 07:44:56 - [m-10401] Computed initial K_cluster as JOINER: 145652896918947215137779059624... (took 0.466 ms)
2025-05-17 07:44:56 - [m-10401] [MEMBER] Execution time for joining key computation: 0.466 ms
2025-05-17 07:44:58 - [m-10401] Received all 40 fragments for message 1747467898.741915. Reassembling...
2025-05-17 07:44:58 - [m-10401] Reassembly successful for 1747467898.741915. Processing.
2025-05-17 07:44:58 - [m-10401] Processing KEY_UPDATE from CH...
2025-05-17 07:44:58 - [m-10401] Processing full state update format.
2025-05-17 07:44:58 - [m-10401] Received Cluster State: Seq=['ch-1', 'm-10001', 'm-10002', 'm-10003', 'm-10004', 'm-10005', 'm-10006', 'm-10007', 'm-10008', 'm-10009', 'm-10010', 'm-10011', 'm-10012', 'm-10013', 'm-10014', 'm-10015', 'm-10016', 'm-10017', 'm-10018', 'm-10019', 'm-10020', 'm-10021', 'm-10022', 'm-10023', 'm-10024', 'm-10025', 'm-10026', 'm-10027', 'm-10028', 'm-10029', 'm-10030', 'm-10031', 'm-10032', 'm-10033', 'm-10034', 'm-10035', 'm-10036', 'm-10037', 'm-10038', 'm-10039', 'm-10040', 'm-10041', 'm-10042', 'm-10043', 'm-10044', 'm-10045', 'm-10046', 'm-10047', 'm-10048', 'm-10049', 'm-10050', 'm-10051', 'm-10052', 'm-10053', 'm-10054', 'm-10055', 'm-10056', 'm-10057', 'm-10058', 'm-10059', 'm-10060', 'm-10061', 'm-10062', 'm-10063', 'm-10064', 'm-10065', 'm-10066', 'm-10067', 'm-10068', 'm-10069', 'm-10070', 'm-10071', 'm-10072', 'm-10073', 'm-10074', 'm-10075', 'm-10076', 'm-10077', 'm-10078', 'm-10079', 'm-10080', 'm-10081', 'm-10082', 'm-10083', 'm-10084', 'm-10085', 'm-10086', 'm-10087', 'm-10088', 'm-10089', 'm-10090', 'm-10091', 'm-10092', 'm-10093', 'm-10094', 'm-10095', 'm-10096', 'm-10097', 'm-10098', 'm-10099', 'm-10100', 'm-10101', 'm-10102', 'm-10103', 'm-10104', 'm-10105', 'm-10106', 'm-10107', 'm-10108', 'm-10109', 'm-10110', 'm-10111', 'm-10112', 'm-10113', 'm-10114', 'm-10115', 'm-10116', 'm-10117', 'm-10118', 'm-10119', 'm-10120', 'm-10121', 'm-10122', 'm-10123', 'm-10124', 'm-10125', 'm-10126', 'm-10127', 'm-10128', 'm-10129', 'm-10130', 'm-10131', 'm-10132', 'm-10133', 'm-10134', 'm-10135', 'm-10136', 'm-10137', 'm-10138', 'm-10139', 'm-10140', 'm-10141', 'm-10142', 'm-10143', 'm-10144', 'm-10145', 'm-10146', 'm-10147', 'm-10148', 'm-10149', 'm-10150', 'm-10151', 'm-10152', 'm-10153', 'm-10154', 'm-10155', 'm-10156', 'm-10157', 'm-10158', 'm-10159', 'm-10160', 'm-10161', 'm-10162', 'm-10163', 'm-10164', 'm-10165', 'm-10166', 'm-10167', 'm-10168', 'm-10169', 'm-10170', 'm-10171', 'm-10172', 'm-10173', 'm-10174', 'm-10175', 'm-10176', 'm-10177', 'm-10178', 'm-10179', 'm-10180', 'm-10181', 'm-10182', 'm-10183', 'm-10184', 'm-10185', 'm-10186', 'm-10187', 'm-10188', 'm-10189', 'm-10190', 'm-10191', 'm-10192', 'm-10193', 'm-10194', 'm-10195', 'm-10196', 'm-10197', 'm-10198', 'm-10199', 'm-10200', 'm-10201', 'm-10202', 'm-10203', 'm-10204', 'm-10205', 'm-10206', 'm-10207', 'm-10208', 'm-10209', 'm-10210', 'm-10211', 'm-10212', 'm-10213', 'm-10214', 'm-10215', 'm-10216', 'm-10217', 'm-10218', 'm-10219', 'm-10220', 'm-10221', 'm-10222', 'm-10223', 'm-10224', 'm-10225', 'm-10226', 'm-10227', 'm-10228', 'm-10229', 'm-10230', 'm-10231', 'm-10232', 'm-10233', 'm-10234', 'm-10235', 'm-10236', 'm-10237', 'm-10238', 'm-10239', 'm-10240', 'm-10241', 'm-10242', 'm-10243', 'm-10244', 'm-10245', 'm-10246', 'm-10247', 'm-10248', 'm-10249', 'm-10250', 'm-10251', 'm-10252', 'm-10253', 'm-10254', 'm-10255', 'm-10256', 'm-10257', 'm-10258', 'm-10259', 'm-10260', 'm-10261', 'm-10262', 'm-10263', 'm-10264', 'm-10265', 'm-10266', 'm-10267', 'm-10268', 'm-10269', 'm-10270', 'm-10271', 'm-10272', 'm-10273', 'm-10274', 'm-10275', 'm-10276', 'm-10277', 'm-10278', 'm-10279', 'm-10280', 'm-10281', 'm-10282', 'm-10283', 'm-10284', 'm-10285', 'm-10286', 'm-10287', 'm-10288', 'm-10289', 'm-10290', 'm-10291', 'm-10292', 'm-10293', 'm-10294', 'm-10295', 'm-10296', 'm-10297', 'm-10298', 'm-10299', 'm-10300', 'm-10401']
2025-05-17 07:44:58 - [m-10401] Attempting to compute cluster key from full state...
2025-05-17 07:44:58 - [m-10401] Computed new cluster key K_cluster (from full state): 294854416903541310885726786025... (took 0.237 ms)
2025-05-17 07:44:58 - [m-10401] [MEMBER] Execution time for key computation (full state): 0.237 ms
2025-05-17 07:45:32 - [m-10401] Starting Member Node: m-10401
2025-05-17 07:45:32 - [m-10401] Loading config: /mnt/workarea/H-SBP/config/hsbp_config.json
2025-05-17 07:45:32 - [m-10401] Loading secrets: /mnt/workarea/H-SBP/config/hsbp_secrets.json
2025-05-17 07:45:32 - [m-10401] Loaded DH params...
2025-05-17 07:45:32 - [m-10401] Loading CH public key: /mnt/workarea/H-SBP/keys/ch1_public.pem
2025-05-17 07:45:32 - [m-10401] Starting node m-10401 as MEMBER in Cluster 1
2025-05-17 07:45:32 - [m-10401] My CH is ch-1. Target CH Address: ('172.16.0.2', 5001)
2025-05-17 07:45:32 - [m-10401] Listening for cluster broadcasts on UDP ('172.16.0.255', 6001)
2025-05-17 07:45:32 - [m-10401] Successfully bound UDP listener to ('172.16.0.255', 6001)
2025-05-17 07:45:32 - [m-10401] Attempt 1: Connecting to CH ch-1 at ('172.16.0.2', 5001)
2025-05-17 07:45:32 - [m-10401] Connected to CH via TCP.
2025-05-17 07:45:32 - [m-10401] Sending ID: ID:m-10401
2025-05-17 07:45:32 - [m-10401] Sending T_i: T_I:16354131599304277393048682360498857597846649150906077184382204293817330923505
2025-05-17 07:45:32 - [m-10401] ID and T_i sent.
2025-05-17 07:45:32 - [m-10401] Listening on UDP ('172.16.0.255', 6001) for cluster messages...
2025-05-17 07:45:32 - [m-10401] Processing KEY_UPDATE from CH...
2025-05-17 07:45:32 - [m-10401] Detected minimal join update format.
2025-05-17 07:45:32 - [m-10401] Computing cluster key as the JOINING member...
2025-05-17 07:45:32 - [m-10401] Computed initial K_cluster as JOINER: 145652896918947215137779059624... (took 0.391 ms)
2025-05-17 07:45:32 - [m-10401] [MEMBER] Execution time for joining key computation: 0.391 ms
2025-05-17 07:45:34 - [m-10401] Received all 40 fragments for message 1747467934.549080. Reassembling...
2025-05-17 07:45:34 - [m-10401] Reassembly successful for 1747467934.549080. Processing.
2025-05-17 07:45:34 - [m-10401] Processing KEY_UPDATE from CH...
2025-05-17 07:45:34 - [m-10401] Processing full state update format.
2025-05-17 07:45:34 - [m-10401] Received Cluster State: Seq=['ch-1', 'm-10001', 'm-10002', 'm-10003', 'm-10004', 'm-10005', 'm-10006', 'm-10007', 'm-10008', 'm-10009', 'm-10010', 'm-10011', 'm-10012', 'm-10013', 'm-10014', 'm-10015', 'm-10016', 'm-10017', 'm-10018', 'm-10019', 'm-10020', 'm-10021', 'm-10022', 'm-10023', 'm-10024', 'm-10025', 'm-10026', 'm-10027', 'm-10028', 'm-10029', 'm-10030', 'm-10031', 'm-10032', 'm-10033', 'm-10034', 'm-10035', 'm-10036', 'm-10037', 'm-10038', 'm-10039', 'm-10040', 'm-10041', 'm-10042', 'm-10043', 'm-10044', 'm-10045', 'm-10046', 'm-10047', 'm-10048', 'm-10049', 'm-10050', 'm-10051', 'm-10052', 'm-10053', 'm-10054', 'm-10055', 'm-10056', 'm-10057', 'm-10058', 'm-10059', 'm-10060', 'm-10061', 'm-10062', 'm-10063', 'm-10064', 'm-10065', 'm-10066', 'm-10067', 'm-10068', 'm-10069', 'm-10070', 'm-10071', 'm-10072', 'm-10073', 'm-10074', 'm-10075', 'm-10076', 'm-10077', 'm-10078', 'm-10079', 'm-10080', 'm-10081', 'm-10082', 'm-10083', 'm-10084', 'm-10085', 'm-10086', 'm-10087', 'm-10088', 'm-10089', 'm-10090', 'm-10091', 'm-10092', 'm-10093', 'm-10094', 'm-10095', 'm-10096', 'm-10097', 'm-10098', 'm-10099', 'm-10100', 'm-10101', 'm-10102', 'm-10103', 'm-10104', 'm-10105', 'm-10106', 'm-10107', 'm-10108', 'm-10109', 'm-10110', 'm-10111', 'm-10112', 'm-10113', 'm-10114', 'm-10115', 'm-10116', 'm-10117', 'm-10118', 'm-10119', 'm-10120', 'm-10121', 'm-10122', 'm-10123', 'm-10124', 'm-10125', 'm-10126', 'm-10127', 'm-10128', 'm-10129', 'm-10130', 'm-10131', 'm-10132', 'm-10133', 'm-10134', 'm-10135', 'm-10136', 'm-10137', 'm-10138', 'm-10139', 'm-10140', 'm-10141', 'm-10142', 'm-10143', 'm-10144', 'm-10145', 'm-10146', 'm-10147', 'm-10148', 'm-10149', 'm-10150', 'm-10151', 'm-10152', 'm-10153', 'm-10154', 'm-10155', 'm-10156', 'm-10157', 'm-10158', 'm-10159', 'm-10160', 'm-10161', 'm-10162', 'm-10163', 'm-10164', 'm-10165', 'm-10166', 'm-10167', 'm-10168', 'm-10169', 'm-10170', 'm-10171', 'm-10172', 'm-10173', 'm-10174', 'm-10175', 'm-10176', 'm-10177', 'm-10178', 'm-10179', 'm-10180', 'm-10181', 'm-10182', 'm-10183', 'm-10184', 'm-10185', 'm-10186', 'm-10187', 'm-10188', 'm-10189', 'm-10190', 'm-10191', 'm-10192', 'm-10193', 'm-10194', 'm-10195', 'm-10196', 'm-10197', 'm-10198', 'm-10199', 'm-10200', 'm-10201', 'm-10202', 'm-10203', 'm-10204', 'm-10205', 'm-10206', 'm-10207', 'm-10208', 'm-10209', 'm-10210', 'm-10211', 'm-10212', 'm-10213', 'm-10214', 'm-10215', 'm-10216', 'm-10217', 'm-10218', 'm-10219', 'm-10220', 'm-10221', 'm-10222', 'm-10223', 'm-10224', 'm-10225', 'm-10226', 'm-10227', 'm-10228', 'm-10229', 'm-10230', 'm-10231', 'm-10232', 'm-10233', 'm-10234', 'm-10235', 'm-10236', 'm-10237', 'm-10238', 'm-10239', 'm-10240', 'm-10241', 'm-10242', 'm-10243', 'm-10244', 'm-10245', 'm-10246', 'm-10247', 'm-10248', 'm-10249', 'm-10250', 'm-10251', 'm-10252', 'm-10253', 'm-10254', 'm-10255', 'm-10256', 'm-10257', 'm-10258', 'm-10259', 'm-10260', 'm-10261', 'm-10262', 'm-10263', 'm-10264', 'm-10265', 'm-10266', 'm-10267', 'm-10268', 'm-10269', 'm-10270', 'm-10271', 'm-10272', 'm-10273', 'm-10274', 'm-10275', 'm-10276', 'm-10277', 'm-10278', 'm-10279', 'm-10280', 'm-10281', 'm-10282', 'm-10283', 'm-10284', 'm-10285', 'm-10286', 'm-10287', 'm-10288', 'm-10289', 'm-10290', 'm-10291', 'm-10292', 'm-10293', 'm-10294', 'm-10295', 'm-10296', 'm-10297', 'm-10298', 'm-10299', 'm-10300', 'm-10401']
2025-05-17 07:45:34 - [m-10401] Attempting to compute cluster key from full state...
2025-05-17 07:45:34 - [m-10401] Computed new cluster key K_cluster (from full state): 294854416903541310885726786025... (took 0.229 ms)
2025-05-17 07:45:34 - [m-10401] [MEMBER] Execution time for key computation (full state): 0.229 ms
2025-05-17 07:46:08 - [m-10401] Starting Member Node: m-10401
2025-05-17 07:46:08 - [m-10401] Loading config: /mnt/workarea/H-SBP/config/hsbp_config.json
2025-05-17 07:46:08 - [m-10401] Loading secrets: /mnt/workarea/H-SBP/config/hsbp_secrets.json
2025-05-17 07:46:08 - [m-10401] Loaded DH params...
2025-05-17 07:46:08 - [m-10401] Loading CH public key: /mnt/workarea/H-SBP/keys/ch1_public.pem
2025-05-17 07:46:08 - [m-10401] Starting node m-10401 as MEMBER in Cluster 1
2025-05-17 07:46:08 - [m-10401] My CH is ch-1. Target CH Address: ('172.16.0.2', 5001)
2025-05-17 07:46:08 - [m-10401] Listening for cluster broadcasts on UDP ('172.16.0.255', 6001)
2025-05-17 07:46:08 - [m-10401] Successfully bound UDP listener to ('172.16.0.255', 6001)
2025-05-17 07:46:08 - [m-10401] Attempt 1: Connecting to CH ch-1 at ('172.16.0.2', 5001)
2025-05-17 07:46:08 - [m-10401] Connected to CH via TCP.
2025-05-17 07:46:08 - [m-10401] Sending ID: ID:m-10401
2025-05-17 07:46:08 - [m-10401] Sending T_i: T_I:16354131599304277393048682360498857597846649150906077184382204293817330923505
2025-05-17 07:46:08 - [m-10401] ID and T_i sent.
2025-05-17 07:46:08 - [m-10401] Listening on UDP ('172.16.0.255', 6001) for cluster messages...
2025-05-17 07:46:08 - [m-10401] Processing KEY_UPDATE from CH...
2025-05-17 07:46:08 - [m-10401] Detected minimal join update format.
2025-05-17 07:46:08 - [m-10401] Computing cluster key as the JOINING member...
2025-05-17 07:46:08 - [m-10401] Computed initial K_cluster as JOINER: 145652896918947215137779059624... (took 0.539 ms)
2025-05-17 07:46:08 - [m-10401] [MEMBER] Execution time for joining key computation: 0.539 ms
2025-05-17 07:46:10 - [m-10401] Received all 40 fragments for message 1747467970.273294. Reassembling...
2025-05-17 07:46:10 - [m-10401] Reassembly successful for 1747467970.273294. Processing.
2025-05-17 07:46:10 - [m-10401] Processing KEY_UPDATE from CH...
2025-05-17 07:46:10 - [m-10401] Processing full state update format.
2025-05-17 07:46:10 - [m-10401] Received Cluster State: Seq=['ch-1', 'm-10001', 'm-10002', 'm-10003', 'm-10004', 'm-10005', 'm-10006', 'm-10007', 'm-10008', 'm-10009', 'm-10010', 'm-10011', 'm-10012', 'm-10013', 'm-10014', 'm-10015', 'm-10016', 'm-10017', 'm-10018', 'm-10019', 'm-10020', 'm-10021', 'm-10022', 'm-10023', 'm-10024', 'm-10025', 'm-10026', 'm-10027', 'm-10028', 'm-10029', 'm-10030', 'm-10031', 'm-10032', 'm-10033', 'm-10034', 'm-10035', 'm-10036', 'm-10037', 'm-10038', 'm-10039', 'm-10040', 'm-10041', 'm-10042', 'm-10043', 'm-10044', 'm-10045', 'm-10046', 'm-10047', 'm-10048', 'm-10049', 'm-10050', 'm-10051', 'm-10052', 'm-10053', 'm-10054', 'm-10055', 'm-10056', 'm-10057', 'm-10058', 'm-10059', 'm-10060', 'm-10061', 'm-10062', 'm-10063', 'm-10064', 'm-10065', 'm-10066', 'm-10067', 'm-10068', 'm-10069', 'm-10070', 'm-10071', 'm-10072', 'm-10073', 'm-10074', 'm-10075', 'm-10076', 'm-10077', 'm-10078', 'm-10079', 'm-10080', 'm-10081', 'm-10082', 'm-10083', 'm-10084', 'm-10085', 'm-10086', 'm-10087', 'm-10088', 'm-10089', 'm-10090', 'm-10091', 'm-10092', 'm-10093', 'm-10094', 'm-10095', 'm-10096', 'm-10097', 'm-10098', 'm-10099', 'm-10100', 'm-10101', 'm-10102', 'm-10103', 'm-10104', 'm-10105', 'm-10106', 'm-10107', 'm-10108', 'm-10109', 'm-10110', 'm-10111', 'm-10112', 'm-10113', 'm-10114', 'm-10115', 'm-10116', 'm-10117', 'm-10118', 'm-10119', 'm-10120', 'm-10121', 'm-10122', 'm-10123', 'm-10124', 'm-10125', 'm-10126', 'm-10127', 'm-10128', 'm-10129', 'm-10130', 'm-10131', 'm-10132', 'm-10133', 'm-10134', 'm-10135', 'm-10136', 'm-10137', 'm-10138', 'm-10139', 'm-10140', 'm-10141', 'm-10142', 'm-10143', 'm-10144', 'm-10145', 'm-10146', 'm-10147', 'm-10148', 'm-10149', 'm-10150', 'm-10151', 'm-10152', 'm-10153', 'm-10154', 'm-10155', 'm-10156', 'm-10157', 'm-10158', 'm-10159', 'm-10160', 'm-10161', 'm-10162', 'm-10163', 'm-10164', 'm-10165', 'm-10166', 'm-10167', 'm-10168', 'm-10169', 'm-10170', 'm-10171', 'm-10172', 'm-10173', 'm-10174', 'm-10175', 'm-10176', 'm-10177', 'm-10178', 'm-10179', 'm-10180', 'm-10181', 'm-10182', 'm-10183', 'm-10184', 'm-10185', 'm-10186', 'm-10187', 'm-10188', 'm-10189', 'm-10190', 'm-10191', 'm-10192', 'm-10193', 'm-10194', 'm-10195', 'm-10196', 'm-10197', 'm-10198', 'm-10199', 'm-10200', 'm-10201', 'm-10202', 'm-10203', 'm-10204', 'm-10205', 'm-10206', 'm-10207', 'm-10208', 'm-10209', 'm-10210', 'm-10211', 'm-10212', 'm-10213', 'm-10214', 'm-10215', 'm-10216', 'm-10217', 'm-10218', 'm-10219', 'm-10220', 'm-10221', 'm-10222', 'm-10223', 'm-10224', 'm-10225', 'm-10226', 'm-10227', 'm-10228', 'm-10229', 'm-10230', 'm-10231', 'm-10232', 'm-10233', 'm-10234', 'm-10235', 'm-10236', 'm-10237', 'm-10238', 'm-10239', 'm-10240', 'm-10241', 'm-10242', 'm-10243', 'm-10244', 'm-10245', 'm-10246', 'm-10247', 'm-10248', 'm-10249', 'm-10250', 'm-10251', 'm-10252', 'm-10253', 'm-10254', 'm-10255', 'm-10256', 'm-10257', 'm-10258', 'm-10259', 'm-10260', 'm-10261', 'm-10262', 'm-10263', 'm-10264', 'm-10265', 'm-10266', 'm-10267', 'm-10268', 'm-10269', 'm-10270', 'm-10271', 'm-10272', 'm-10273', 'm-10274', 'm-10275', 'm-10276', 'm-10277', 'm-10278', 'm-10279', 'm-10280', 'm-10281', 'm-10282', 'm-10283', 'm-10284', 'm-10285', 'm-10286', 'm-10287', 'm-10288', 'm-10289', 'm-10290', 'm-10291', 'm-10292', 'm-10293', 'm-10294', 'm-10295', 'm-10296', 'm-10297', 'm-10298', 'm-10299', 'm-10300', 'm-10401']
2025-05-17 07:46:10 - [m-10401] Attempting to compute cluster key from full state...
2025-05-17 07:46:10 - [m-10401] Computed new cluster key K_cluster (from full state): 294854416903541310885726786025... (took 0.391 ms)
2025-05-17 07:46:10 - [m-10401] [MEMBER] Execution time for key computation (full state): 0.391 ms
2025-05-17 07:46:44 - [m-10401] Starting Member Node: m-10401
2025-05-17 07:46:44 - [m-10401] Loading config: /mnt/workarea/H-SBP/config/hsbp_config.json
2025-05-17 07:46:44 - [m-10401] Loading secrets: /mnt/workarea/H-SBP/config/hsbp_secrets.json
2025-05-17 07:46:44 - [m-10401] Loaded DH params...
2025-05-17 07:46:44 - [m-10401] Loading CH public key: /mnt/workarea/H-SBP/keys/ch1_public.pem
2025-05-17 07:46:44 - [m-10401] Starting node m-10401 as MEMBER in Cluster 1
2025-05-17 07:46:44 - [m-10401] My CH is ch-1. Target CH Address: ('172.16.0.2', 5001)
2025-05-17 07:46:44 - [m-10401] Listening for cluster broadcasts on UDP ('172.16.0.255', 6001)
2025-05-17 07:46:44 - [m-10401] Successfully bound UDP listener to ('172.16.0.255', 6001)
2025-05-17 07:46:44 - [m-10401] Attempt 1: Connecting to CH ch-1 at ('172.16.0.2', 5001)
2025-05-17 07:46:44 - [m-10401] Connected to CH via TCP.
2025-05-17 07:46:44 - [m-10401] Sending ID: ID:m-10401
2025-05-17 07:46:44 - [m-10401] Sending T_i: T_I:16354131599304277393048682360498857597846649150906077184382204293817330923505
2025-05-17 07:46:44 - [m-10401] ID and T_i sent.
2025-05-17 07:46:44 - [m-10401] Listening on UDP ('172.16.0.255', 6001) for cluster messages...
2025-05-17 07:46:44 - [m-10401] Processing KEY_UPDATE from CH...
2025-05-17 07:46:44 - [m-10401] Detected minimal join update format.
2025-05-17 07:46:44 - [m-10401] Computing cluster key as the JOINING member...
2025-05-17 07:46:44 - [m-10401] Computed initial K_cluster as JOINER: 145652896918947215137779059624... (took 0.220 ms)
2025-05-17 07:46:44 - [m-10401] [MEMBER] Execution time for joining key computation: 0.220 ms
2025-05-17 07:46:46 - [m-10401] Received all 40 fragments for message 1747468006.095501. Reassembling...
2025-05-17 07:46:46 - [m-10401] Reassembly successful for 1747468006.095501. Processing.
2025-05-17 07:46:46 - [m-10401] Processing KEY_UPDATE from CH...
2025-05-17 07:46:46 - [m-10401] Processing full state update format.
2025-05-17 07:46:46 - [m-10401] Received Cluster State: Seq=['ch-1', 'm-10001', 'm-10002', 'm-10003', 'm-10004', 'm-10005', 'm-10006', 'm-10007', 'm-10008', 'm-10009', 'm-10010', 'm-10011', 'm-10012', 'm-10013', 'm-10014', 'm-10015', 'm-10016', 'm-10017', 'm-10018', 'm-10019', 'm-10020', 'm-10021', 'm-10022', 'm-10023', 'm-10024', 'm-10025', 'm-10026', 'm-10027', 'm-10028', 'm-10029', 'm-10030', 'm-10031', 'm-10032', 'm-10033', 'm-10034', 'm-10035', 'm-10036', 'm-10037', 'm-10038', 'm-10039', 'm-10040', 'm-10041', 'm-10042', 'm-10043', 'm-10044', 'm-10045', 'm-10046', 'm-10047', 'm-10048', 'm-10049', 'm-10050', 'm-10051', 'm-10052', 'm-10053', 'm-10054', 'm-10055', 'm-10056', 'm-10057', 'm-10058', 'm-10059', 'm-10060', 'm-10061', 'm-10062', 'm-10063', 'm-10064', 'm-10065', 'm-10066', 'm-10067', 'm-10068', 'm-10069', 'm-10070', 'm-10071', 'm-10072', 'm-10073', 'm-10074', 'm-10075', 'm-10076', 'm-10077', 'm-10078', 'm-10079', 'm-10080', 'm-10081', 'm-10082', 'm-10083', 'm-10084', 'm-10085', 'm-10086', 'm-10087', 'm-10088', 'm-10089', 'm-10090', 'm-10091', 'm-10092', 'm-10093', 'm-10094', 'm-10095', 'm-10096', 'm-10097', 'm-10098', 'm-10099', 'm-10100', 'm-10101', 'm-10102', 'm-10103', 'm-10104', 'm-10105', 'm-10106', 'm-10107', 'm-10108', 'm-10109', 'm-10110', 'm-10111', 'm-10112', 'm-10113', 'm-10114', 'm-10115', 'm-10116', 'm-10117', 'm-10118', 'm-10119', 'm-10120', 'm-10121', 'm-10122', 'm-10123', 'm-10124', 'm-10125', 'm-10126', 'm-10127', 'm-10128', 'm-10129', 'm-10130', 'm-10131', 'm-10132', 'm-10133', 'm-10134', 'm-10135', 'm-10136', 'm-10137', 'm-10138', 'm-10139', 'm-10140', 'm-10141', 'm-10142', 'm-10143', 'm-10144', 'm-10145', 'm-10146', 'm-10147', 'm-10148', 'm-10149', 'm-10150', 'm-10151', 'm-10152', 'm-10153', 'm-10154', 'm-10155', 'm-10156', 'm-10157', 'm-10158', 'm-10159', 'm-10160', 'm-10161', 'm-10162', 'm-10163', 'm-10164', 'm-10165', 'm-10166', 'm-10167', 'm-10168', 'm-10169', 'm-10170', 'm-10171', 'm-10172', 'm-10173', 'm-10174', 'm-10175', 'm-10176', 'm-10177', 'm-10178', 'm-10179', 'm-10180', 'm-10181', 'm-10182', 'm-10183', 'm-10184', 'm-10185', 'm-10186', 'm-10187', 'm-10188', 'm-10189', 'm-10190', 'm-10191', 'm-10192', 'm-10193', 'm-10194', 'm-10195', 'm-10196', 'm-10197', 'm-10198', 'm-10199', 'm-10200', 'm-10201', 'm-10202', 'm-10203', 'm-10204', 'm-10205', 'm-10206', 'm-10207', 'm-10208', 'm-10209', 'm-10210', 'm-10211', 'm-10212', 'm-10213', 'm-10214', 'm-10215', 'm-10216', 'm-10217', 'm-10218', 'm-10219', 'm-10220', 'm-10221', 'm-10222', 'm-10223', 'm-10224', 'm-10225', 'm-10226', 'm-10227', 'm-10228', 'm-10229', 'm-10230', 'm-10231', 'm-10232', 'm-10233', 'm-10234', 'm-10235', 'm-10236', 'm-10237', 'm-10238', 'm-10239', 'm-10240', 'm-10241', 'm-10242', 'm-10243', 'm-10244', 'm-10245', 'm-10246', 'm-10247', 'm-10248', 'm-10249', 'm-10250', 'm-10251', 'm-10252', 'm-10253', 'm-10254', 'm-10255', 'm-10256', 'm-10257', 'm-10258', 'm-10259', 'm-10260', 'm-10261', 'm-10262', 'm-10263', 'm-10264', 'm-10265', 'm-10266', 'm-10267', 'm-10268', 'm-10269', 'm-10270', 'm-10271', 'm-10272', 'm-10273', 'm-10274', 'm-10275', 'm-10276', 'm-10277', 'm-10278', 'm-10279', 'm-10280', 'm-10281', 'm-10282', 'm-10283', 'm-10284', 'm-10285', 'm-10286', 'm-10287', 'm-10288', 'm-10289', 'm-10290', 'm-10291', 'm-10292', 'm-10293', 'm-10294', 'm-10295', 'm-10296', 'm-10297', 'm-10298', 'm-10299', 'm-10300', 'm-10401']
2025-05-17 07:46:46 - [m-10401] Attempting to compute cluster key from full state...
2025-05-17 07:46:46 - [m-10401] Computed new cluster key K_cluster (from full state): 294854416903541310885726786025... (took 0.242 ms)
2025-05-17 07:46:46 - [m-10401] [MEMBER] Execution time for key computation (full state): 0.242 ms
2025-05-17 07:47:19 - [m-10401] Starting Member Node: m-10401
2025-05-17 07:47:19 - [m-10401] Loading config: /mnt/workarea/H-SBP/config/hsbp_config.json
2025-05-17 07:47:19 - [m-10401] Loading secrets: /mnt/workarea/H-SBP/config/hsbp_secrets.json
2025-05-17 07:47:19 - [m-10401] Loaded DH params...
2025-05-17 07:47:19 - [m-10401] Loading CH public key: /mnt/workarea/H-SBP/keys/ch1_public.pem
2025-05-17 07:47:19 - [m-10401] Starting node m-10401 as MEMBER in Cluster 1
2025-05-17 07:47:19 - [m-10401] My CH is ch-1. Target CH Address: ('172.16.0.2', 5001)
2025-05-17 07:47:19 - [m-10401] Listening for cluster broadcasts on UDP ('172.16.0.255', 6001)
2025-05-17 07:47:19 - [m-10401] Successfully bound UDP listener to ('172.16.0.255', 6001)
2025-05-17 07:47:19 - [m-10401] Attempt 1: Connecting to CH ch-1 at ('172.16.0.2', 5001)
2025-05-17 07:47:19 - [m-10401] Connected to CH via TCP.
2025-05-17 07:47:19 - [m-10401] Sending ID: ID:m-10401
2025-05-17 07:47:19 - [m-10401] Sending T_i: T_I:16354131599304277393048682360498857597846649150906077184382204293817330923505
2025-05-17 07:47:19 - [m-10401] ID and T_i sent.
2025-05-17 07:47:19 - [m-10401] Listening on UDP ('172.16.0.255', 6001) for cluster messages...
2025-05-17 07:47:19 - [m-10401] Processing KEY_UPDATE from CH...
2025-05-17 07:47:19 - [m-10401] Detected minimal join update format.
2025-05-17 07:47:19 - [m-10401] Computing cluster key as the JOINING member...
2025-05-17 07:47:19 - [m-10401] Computed initial K_cluster as JOINER: 145652896918947215137779059624... (took 0.498 ms)
2025-05-17 07:47:19 - [m-10401] [MEMBER] Execution time for joining key computation: 0.498 ms
2025-05-17 07:47:22 - [m-10401] Received all 40 fragments for message 1747468042.001214. Reassembling...
2025-05-17 07:47:22 - [m-10401] Reassembly successful for 1747468042.001214. Processing.
2025-05-17 07:47:22 - [m-10401] Processing KEY_UPDATE from CH...
2025-05-17 07:47:22 - [m-10401] Processing full state update format.
2025-05-17 07:47:22 - [m-10401] Received Cluster State: Seq=['ch-1', 'm-10001', 'm-10002', 'm-10003', 'm-10004', 'm-10005', 'm-10006', 'm-10007', 'm-10008', 'm-10009', 'm-10010', 'm-10011', 'm-10012', 'm-10013', 'm-10014', 'm-10015', 'm-10016', 'm-10017', 'm-10018', 'm-10019', 'm-10020', 'm-10021', 'm-10022', 'm-10023', 'm-10024', 'm-10025', 'm-10026', 'm-10027', 'm-10028', 'm-10029', 'm-10030', 'm-10031', 'm-10032', 'm-10033', 'm-10034', 'm-10035', 'm-10036', 'm-10037', 'm-10038', 'm-10039', 'm-10040', 'm-10041', 'm-10042', 'm-10043', 'm-10044', 'm-10045', 'm-10046', 'm-10047', 'm-10048', 'm-10049', 'm-10050', 'm-10051', 'm-10052', 'm-10053', 'm-10054', 'm-10055', 'm-10056', 'm-10057', 'm-10058', 'm-10059', 'm-10060', 'm-10061', 'm-10062', 'm-10063', 'm-10064', 'm-10065', 'm-10066', 'm-10067', 'm-10068', 'm-10069', 'm-10070', 'm-10071', 'm-10072', 'm-10073', 'm-10074', 'm-10075', 'm-10076', 'm-10077', 'm-10078', 'm-10079', 'm-10080', 'm-10081', 'm-10082', 'm-10083', 'm-10084', 'm-10085', 'm-10086', 'm-10087', 'm-10088', 'm-10089', 'm-10090', 'm-10091', 'm-10092', 'm-10093', 'm-10094', 'm-10095', 'm-10096', 'm-10097', 'm-10098', 'm-10099', 'm-10100', 'm-10101', 'm-10102', 'm-10103', 'm-10104', 'm-10105', 'm-10106', 'm-10107', 'm-10108', 'm-10109', 'm-10110', 'm-10111', 'm-10112', 'm-10113', 'm-10114', 'm-10115', 'm-10116', 'm-10117', 'm-10118', 'm-10119', 'm-10120', 'm-10121', 'm-10122', 'm-10123', 'm-10124', 'm-10125', 'm-10126', 'm-10127', 'm-10128', 'm-10129', 'm-10130', 'm-10131', 'm-10132', 'm-10133', 'm-10134', 'm-10135', 'm-10136', 'm-10137', 'm-10138', 'm-10139', 'm-10140', 'm-10141', 'm-10142', 'm-10143', 'm-10144', 'm-10145', 'm-10146', 'm-10147', 'm-10148', 'm-10149', 'm-10150', 'm-10151', 'm-10152', 'm-10153', 'm-10154', 'm-10155', 'm-10156', 'm-10157', 'm-10158', 'm-10159', 'm-10160', 'm-10161', 'm-10162', 'm-10163', 'm-10164', 'm-10165', 'm-10166', 'm-10167', 'm-10168', 'm-10169', 'm-10170', 'm-10171', 'm-10172', 'm-10173', 'm-10174', 'm-10175', 'm-10176', 'm-10177', 'm-10178', 'm-10179', 'm-10180', 'm-10181', 'm-10182', 'm-10183', 'm-10184', 'm-10185', 'm-10186', 'm-10187', 'm-10188', 'm-10189', 'm-10190', 'm-10191', 'm-10192', 'm-10193', 'm-10194', 'm-10195', 'm-10196', 'm-10197', 'm-10198', 'm-10199', 'm-10200', 'm-10201', 'm-10202', 'm-10203', 'm-10204', 'm-10205', 'm-10206', 'm-10207', 'm-10208', 'm-10209', 'm-10210', 'm-10211', 'm-10212', 'm-10213', 'm-10214', 'm-10215', 'm-10216', 'm-10217', 'm-10218', 'm-10219', 'm-10220', 'm-10221', 'm-10222', 'm-10223', 'm-10224', 'm-10225', 'm-10226', 'm-10227', 'm-10228', 'm-10229', 'm-10230', 'm-10231', 'm-10232', 'm-10233', 'm-10234', 'm-10235', 'm-10236', 'm-10237', 'm-10238', 'm-10239', 'm-10240', 'm-10241', 'm-10242', 'm-10243', 'm-10244', 'm-10245', 'm-10246', 'm-10247', 'm-10248', 'm-10249', 'm-10250', 'm-10251', 'm-10252', 'm-10253', 'm-10254', 'm-10255', 'm-10256', 'm-10257', 'm-10258', 'm-10259', 'm-10260', 'm-10261', 'm-10262', 'm-10263', 'm-10264', 'm-10265', 'm-10266', 'm-10267', 'm-10268', 'm-10269', 'm-10270', 'm-10271', 'm-10272', 'm-10273', 'm-10274', 'm-10275', 'm-10276', 'm-10277', 'm-10278', 'm-10279', 'm-10280', 'm-10281', 'm-10282', 'm-10283', 'm-10284', 'm-10285', 'm-10286', 'm-10287', 'm-10288', 'm-10289', 'm-10290', 'm-10291', 'm-10292', 'm-10293', 'm-10294', 'm-10295', 'm-10296', 'm-10297', 'm-10298', 'm-10299', 'm-10300', 'm-10401']
2025-05-17 07:47:22 - [m-10401] Attempting to compute cluster key from full state...
2025-05-17 07:47:22 - [m-10401] Computed new cluster key K_cluster (from full state): 294854416903541310885726786025... (took 0.384 ms)
2025-05-17 07:47:22 - [m-10401] [MEMBER] Execution time for key computation (full state): 0.384 ms
2025-05-17 07:47:55 - [m-10401] Starting Member Node: m-10401
2025-05-17 07:47:55 - [m-10401] Loading config: /mnt/workarea/H-SBP/config/hsbp_config.json
2025-05-17 07:47:55 - [m-10401] Loading secrets: /mnt/workarea/H-SBP/config/hsbp_secrets.json
2025-05-17 07:47:55 - [m-10401] Loaded DH params...
2025-05-17 07:47:55 - [m-10401] Loading CH public key: /mnt/workarea/H-SBP/keys/ch1_public.pem
2025-05-17 07:47:55 - [m-10401] Starting node m-10401 as MEMBER in Cluster 1
2025-05-17 07:47:55 - [m-10401] My CH is ch-1. Target CH Address: ('172.16.0.2', 5001)
2025-05-17 07:47:55 - [m-10401] Listening for cluster broadcasts on UDP ('172.16.0.255', 6001)
2025-05-17 07:47:55 - [m-10401] Successfully bound UDP listener to ('172.16.0.255', 6001)
2025-05-17 07:47:55 - [m-10401] Attempt 1: Connecting to CH ch-1 at ('172.16.0.2', 5001)
2025-05-17 07:47:55 - [m-10401] Connected to CH via TCP.
2025-05-17 07:47:55 - [m-10401] Sending ID: ID:m-10401
2025-05-17 07:47:55 - [m-10401] Sending T_i: T_I:16354131599304277393048682360498857597846649150906077184382204293817330923505
2025-05-17 07:47:55 - [m-10401] ID and T_i sent.
2025-05-17 07:47:55 - [m-10401] Listening on UDP ('172.16.0.255', 6001) for cluster messages...
2025-05-17 07:47:55 - [m-10401] Processing KEY_UPDATE from CH...
2025-05-17 07:47:55 - [m-10401] Detected minimal join update format.
2025-05-17 07:47:55 - [m-10401] Computing cluster key as the JOINING member...
2025-05-17 07:47:55 - [m-10401] Computed initial K_cluster as JOINER: 145652896918947215137779059624... (took 0.501 ms)
2025-05-17 07:47:55 - [m-10401] [MEMBER] Execution time for joining key computation: 0.501 ms
2025-05-17 07:47:57 - [m-10401] Received all 40 fragments for message 1747468077.812949. Reassembling...
2025-05-17 07:47:57 - [m-10401] Reassembly successful for 1747468077.812949. Processing.
2025-05-17 07:47:57 - [m-10401] Processing KEY_UPDATE from CH...
2025-05-17 07:47:57 - [m-10401] Processing full state update format.
2025-05-17 07:47:57 - [m-10401] Received Cluster State: Seq=['ch-1', 'm-10001', 'm-10002', 'm-10003', 'm-10004', 'm-10005', 'm-10006', 'm-10007', 'm-10008', 'm-10009', 'm-10010', 'm-10011', 'm-10012', 'm-10013', 'm-10014', 'm-10015', 'm-10016', 'm-10017', 'm-10018', 'm-10019', 'm-10020', 'm-10021', 'm-10022', 'm-10023', 'm-10024', 'm-10025', 'm-10026', 'm-10027', 'm-10028', 'm-10029', 'm-10030', 'm-10031', 'm-10032', 'm-10033', 'm-10034', 'm-10035', 'm-10036', 'm-10037', 'm-10038', 'm-10039', 'm-10040', 'm-10041', 'm-10042', 'm-10043', 'm-10044', 'm-10045', 'm-10046', 'm-10047', 'm-10048', 'm-10049', 'm-10050', 'm-10051', 'm-10052', 'm-10053', 'm-10054', 'm-10055', 'm-10056', 'm-10057', 'm-10058', 'm-10059', 'm-10060', 'm-10061', 'm-10062', 'm-10063', 'm-10064', 'm-10065', 'm-10066', 'm-10067', 'm-10068', 'm-10069', 'm-10070', 'm-10071', 'm-10072', 'm-10073', 'm-10074', 'm-10075', 'm-10076', 'm-10077', 'm-10078', 'm-10079', 'm-10080', 'm-10081', 'm-10082', 'm-10083', 'm-10084', 'm-10085', 'm-10086', 'm-10087', 'm-10088', 'm-10089', 'm-10090', 'm-10091', 'm-10092', 'm-10093', 'm-10094', 'm-10095', 'm-10096', 'm-10097', 'm-10098', 'm-10099', 'm-10100', 'm-10101', 'm-10102', 'm-10103', 'm-10104', 'm-10105', 'm-10106', 'm-10107', 'm-10108', 'm-10109', 'm-10110', 'm-10111', 'm-10112', 'm-10113', 'm-10114', 'm-10115', 'm-10116', 'm-10117', 'm-10118', 'm-10119', 'm-10120', 'm-10121', 'm-10122', 'm-10123', 'm-10124', 'm-10125', 'm-10126', 'm-10127', 'm-10128', 'm-10129', 'm-10130', 'm-10131', 'm-10132', 'm-10133', 'm-10134', 'm-10135', 'm-10136', 'm-10137', 'm-10138', 'm-10139', 'm-10140', 'm-10141', 'm-10142', 'm-10143', 'm-10144', 'm-10145', 'm-10146', 'm-10147', 'm-10148', 'm-10149', 'm-10150', 'm-10151', 'm-10152', 'm-10153', 'm-10154', 'm-10155', 'm-10156', 'm-10157', 'm-10158', 'm-10159', 'm-10160', 'm-10161', 'm-10162', 'm-10163', 'm-10164', 'm-10165', 'm-10166', 'm-10167', 'm-10168', 'm-10169', 'm-10170', 'm-10171', 'm-10172', 'm-10173', 'm-10174', 'm-10175', 'm-10176', 'm-10177', 'm-10178', 'm-10179', 'm-10180', 'm-10181', 'm-10182', 'm-10183', 'm-10184', 'm-10185', 'm-10186', 'm-10187', 'm-10188', 'm-10189', 'm-10190', 'm-10191', 'm-10192', 'm-10193', 'm-10194', 'm-10195', 'm-10196', 'm-10197', 'm-10198', 'm-10199', 'm-10200', 'm-10201', 'm-10202', 'm-10203', 'm-10204', 'm-10205', 'm-10206', 'm-10207', 'm-10208', 'm-10209', 'm-10210', 'm-10211', 'm-10212', 'm-10213', 'm-10214', 'm-10215', 'm-10216', 'm-10217', 'm-10218', 'm-10219', 'm-10220', 'm-10221', 'm-10222', 'm-10223', 'm-10224', 'm-10225', 'm-10226', 'm-10227', 'm-10228', 'm-10229', 'm-10230', 'm-10231', 'm-10232', 'm-10233', 'm-10234', 'm-10235', 'm-10236', 'm-10237', 'm-10238', 'm-10239', 'm-10240', 'm-10241', 'm-10242', 'm-10243', 'm-10244', 'm-10245', 'm-10246', 'm-10247', 'm-10248', 'm-10249', 'm-10250', 'm-10251', 'm-10252', 'm-10253', 'm-10254', 'm-10255', 'm-10256', 'm-10257', 'm-10258', 'm-10259', 'm-10260', 'm-10261', 'm-10262', 'm-10263', 'm-10264', 'm-10265', 'm-10266', 'm-10267', 'm-10268', 'm-10269', 'm-10270', 'm-10271', 'm-10272', 'm-10273', 'm-10274', 'm-10275', 'm-10276', 'm-10277', 'm-10278', 'm-10279', 'm-10280', 'm-10281', 'm-10282', 'm-10283', 'm-10284', 'm-10285', 'm-10286', 'm-10287', 'm-10288', 'm-10289', 'm-10290', 'm-10291', 'm-10292', 'm-10293', 'm-10294', 'm-10295', 'm-10296', 'm-10297', 'm-10298', 'm-10299', 'm-10300', 'm-10401']
2025-05-17 07:47:57 - [m-10401] Attempting to compute cluster key from full state...
2025-05-17 07:47:57 - [m-10401] Computed new cluster key K_cluster (from full state): 294854416903541310885726786025... (took 0.442 ms)
2025-05-17 07:47:57 - [m-10401] [MEMBER] Execution time for key computation (full state): 0.442 ms
2025-05-17 07:48:31 - [m-10401] Starting Member Node: m-10401
2025-05-17 07:48:31 - [m-10401] Loading config: /mnt/workarea/H-SBP/config/hsbp_config.json
2025-05-17 07:48:31 - [m-10401] Loading secrets: /mnt/workarea/H-SBP/config/hsbp_secrets.json
2025-05-17 07:48:31 - [m-10401] Loaded DH params...
2025-05-17 07:48:31 - [m-10401] Loading CH public key: /mnt/workarea/H-SBP/keys/ch1_public.pem
2025-05-17 07:48:31 - [m-10401] Starting node m-10401 as MEMBER in Cluster 1
2025-05-17 07:48:31 - [m-10401] My CH is ch-1. Target CH Address: ('172.16.0.2', 5001)
2025-05-17 07:48:31 - [m-10401] Listening for cluster broadcasts on UDP ('172.16.0.255', 6001)
2025-05-17 07:48:31 - [m-10401] Successfully bound UDP listener to ('172.16.0.255', 6001)
2025-05-17 07:48:31 - [m-10401] Attempt 1: Connecting to CH ch-1 at ('172.16.0.2', 5001)
2025-05-17 07:48:31 - [m-10401] Connected to CH via TCP.
2025-05-17 07:48:31 - [m-10401] Sending ID: ID:m-10401
2025-05-17 07:48:31 - [m-10401] Sending T_i: T_I:16354131599304277393048682360498857597846649150906077184382204293817330923505
2025-05-17 07:48:31 - [m-10401] ID and T_i sent.
2025-05-17 07:48:31 - [m-10401] Listening on UDP ('172.16.0.255', 6001) for cluster messages...
2025-05-17 07:48:31 - [m-10401] Processing KEY_UPDATE from CH...
2025-05-17 07:48:31 - [m-10401] Detected minimal join update format.
2025-05-17 07:48:31 - [m-10401] Computing cluster key as the JOINING member...
2025-05-17 07:48:31 - [m-10401] Computed initial K_cluster as JOINER: 145652896918947215137779059624... (took 0.459 ms)
2025-05-17 07:48:31 - [m-10401] [MEMBER] Execution time for joining key computation: 0.459 ms
2025-05-17 07:48:33 - [m-10401] Received all 40 fragments for message 1747468113.691600. Reassembling...
2025-05-17 07:48:33 - [m-10401] Reassembly successful for 1747468113.691600. Processing.
2025-05-17 07:48:33 - [m-10401] Processing KEY_UPDATE from CH...
2025-05-17 07:48:33 - [m-10401] Processing full state update format.
2025-05-17 07:48:33 - [m-10401] Received Cluster State: Seq=['ch-1', 'm-10001', 'm-10002', 'm-10003', 'm-10004', 'm-10005', 'm-10006', 'm-10007', 'm-10008', 'm-10009', 'm-10010', 'm-10011', 'm-10012', 'm-10013', 'm-10014', 'm-10015', 'm-10016', 'm-10017', 'm-10018', 'm-10019', 'm-10020', 'm-10021', 'm-10022', 'm-10023', 'm-10024', 'm-10025', 'm-10026', 'm-10027', 'm-10028', 'm-10029', 'm-10030', 'm-10031', 'm-10032', 'm-10033', 'm-10034', 'm-10035', 'm-10036', 'm-10037', 'm-10038', 'm-10039', 'm-10040', 'm-10041', 'm-10042', 'm-10043', 'm-10044', 'm-10045', 'm-10046', 'm-10047', 'm-10048', 'm-10049', 'm-10050', 'm-10051', 'm-10052', 'm-10053', 'm-10054', 'm-10055', 'm-10056', 'm-10057', 'm-10058', 'm-10059', 'm-10060', 'm-10061', 'm-10062', 'm-10063', 'm-10064', 'm-10065', 'm-10066', 'm-10067', 'm-10068', 'm-10069', 'm-10070', 'm-10071', 'm-10072', 'm-10073', 'm-10074', 'm-10075', 'm-10076', 'm-10077', 'm-10078', 'm-10079', 'm-10080', 'm-10081', 'm-10082', 'm-10083', 'm-10084', 'm-10085', 'm-10086', 'm-10087', 'm-10088', 'm-10089', 'm-10090', 'm-10091', 'm-10092', 'm-10093', 'm-10094', 'm-10095', 'm-10096', 'm-10097', 'm-10098', 'm-10099', 'm-10100', 'm-10101', 'm-10102', 'm-10103', 'm-10104', 'm-10105', 'm-10106', 'm-10107', 'm-10108', 'm-10109', 'm-10110', 'm-10111', 'm-10112', 'm-10113', 'm-10114', 'm-10115', 'm-10116', 'm-10117', 'm-10118', 'm-10119', 'm-10120', 'm-10121', 'm-10122', 'm-10123', 'm-10124', 'm-10125', 'm-10126', 'm-10127', 'm-10128', 'm-10129', 'm-10130', 'm-10131', 'm-10132', 'm-10133', 'm-10134', 'm-10135', 'm-10136', 'm-10137', 'm-10138', 'm-10139', 'm-10140', 'm-10141', 'm-10142', 'm-10143', 'm-10144', 'm-10145', 'm-10146', 'm-10147', 'm-10148', 'm-10149', 'm-10150', 'm-10151', 'm-10152', 'm-10153', 'm-10154', 'm-10155', 'm-10156', 'm-10157', 'm-10158', 'm-10159', 'm-10160', 'm-10161', 'm-10162', 'm-10163', 'm-10164', 'm-10165', 'm-10166', 'm-10167', 'm-10168', 'm-10169', 'm-10170', 'm-10171', 'm-10172', 'm-10173', 'm-10174', 'm-10175', 'm-10176', 'm-10177', 'm-10178', 'm-10179', 'm-10180', 'm-10181', 'm-10182', 'm-10183', 'm-10184', 'm-10185', 'm-10186', 'm-10187', 'm-10188', 'm-10189', 'm-10190', 'm-10191', 'm-10192', 'm-10193', 'm-10194', 'm-10195', 'm-10196', 'm-10197', 'm-10198', 'm-10199', 'm-10200', 'm-10201', 'm-10202', 'm-10203', 'm-10204', 'm-10205', 'm-10206', 'm-10207', 'm-10208', 'm-10209', 'm-10210', 'm-10211', 'm-10212', 'm-10213', 'm-10214', 'm-10215', 'm-10216', 'm-10217', 'm-10218', 'm-10219', 'm-10220', 'm-10221', 'm-10222', 'm-10223', 'm-10224', 'm-10225', 'm-10226', 'm-10227', 'm-10228', 'm-10229', 'm-10230', 'm-10231', 'm-10232', 'm-10233', 'm-10234', 'm-10235', 'm-10236', 'm-10237', 'm-10238', 'm-10239', 'm-10240', 'm-10241', 'm-10242', 'm-10243', 'm-10244', 'm-10245', 'm-10246', 'm-10247', 'm-10248', 'm-10249', 'm-10250', 'm-10251', 'm-10252', 'm-10253', 'm-10254', 'm-10255', 'm-10256', 'm-10257', 'm-10258', 'm-10259', 'm-10260', 'm-10261', 'm-10262', 'm-10263', 'm-10264', 'm-10265', 'm-10266', 'm-10267', 'm-10268', 'm-10269', 'm-10270', 'm-10271', 'm-10272', 'm-10273', 'm-10274', 'm-10275', 'm-10276', 'm-10277', 'm-10278', 'm-10279', 'm-10280', 'm-10281', 'm-10282', 'm-10283', 'm-10284', 'm-10285', 'm-10286', 'm-10287', 'm-10288', 'm-10289', 'm-10290', 'm-10291', 'm-10292', 'm-10293', 'm-10294', 'm-10295', 'm-10296', 'm-10297', 'm-10298', 'm-10299', 'm-10300', 'm-10401']
2025-05-17 07:48:33 - [m-10401] Attempting to compute cluster key from full state...
2025-05-17 07:48:33 - [m-10401] Computed new cluster key K_cluster (from full state): 294854416903541310885726786025... (took 0.381 ms)
2025-05-17 07:48:33 - [m-10401] [MEMBER] Execution time for key computation (full state): 0.381 ms
2025-05-17 07:49:07 - [m-10401] Starting Member Node: m-10401
2025-05-17 07:49:07 - [m-10401] Loading config: /mnt/workarea/H-SBP/config/hsbp_config.json
2025-05-17 07:49:07 - [m-10401] Loading secrets: /mnt/workarea/H-SBP/config/hsbp_secrets.json
2025-05-17 07:49:07 - [m-10401] Loaded DH params...
2025-05-17 07:49:07 - [m-10401] Loading CH public key: /mnt/workarea/H-SBP/keys/ch1_public.pem
2025-05-17 07:49:07 - [m-10401] Starting node m-10401 as MEMBER in Cluster 1
2025-05-17 07:49:07 - [m-10401] My CH is ch-1. Target CH Address: ('172.16.0.2', 5001)
2025-05-17 07:49:07 - [m-10401] Listening for cluster broadcasts on UDP ('172.16.0.255', 6001)
2025-05-17 07:49:07 - [m-10401] Successfully bound UDP listener to ('172.16.0.255', 6001)
2025-05-17 07:49:07 - [m-10401] Attempt 1: Connecting to CH ch-1 at ('172.16.0.2', 5001)
2025-05-17 07:49:07 - [m-10401] Connected to CH via TCP.
2025-05-17 07:49:07 - [m-10401] Sending ID: ID:m-10401
2025-05-17 07:49:07 - [m-10401] Sending T_i: T_I:16354131599304277393048682360498857597846649150906077184382204293817330923505
2025-05-17 07:49:07 - [m-10401] ID and T_i sent.
2025-05-17 07:49:07 - [m-10401] Listening on UDP ('172.16.0.255', 6001) for cluster messages...
2025-05-17 07:49:07 - [m-10401] Processing KEY_UPDATE from CH...
2025-05-17 07:49:07 - [m-10401] Detected minimal join update format.
2025-05-17 07:49:07 - [m-10401] Computing cluster key as the JOINING member...
2025-05-17 07:49:07 - [m-10401] Computed initial K_cluster as JOINER: 145652896918947215137779059624... (took 0.479 ms)
2025-05-17 07:49:07 - [m-10401] [MEMBER] Execution time for joining key computation: 0.479 ms
2025-05-17 07:49:09 - [m-10401] Received all 40 fragments for message 1747468149.605411. Reassembling...
2025-05-17 07:49:09 - [m-10401] Reassembly successful for 1747468149.605411. Processing.
2025-05-17 07:49:09 - [m-10401] Processing KEY_UPDATE from CH...
2025-05-17 07:49:09 - [m-10401] Processing full state update format.
2025-05-17 07:49:09 - [m-10401] Received Cluster State: Seq=['ch-1', 'm-10001', 'm-10002', 'm-10003', 'm-10004', 'm-10005', 'm-10006', 'm-10007', 'm-10008', 'm-10009', 'm-10010', 'm-10011', 'm-10012', 'm-10013', 'm-10014', 'm-10015', 'm-10016', 'm-10017', 'm-10018', 'm-10019', 'm-10020', 'm-10021', 'm-10022', 'm-10023', 'm-10024', 'm-10025', 'm-10026', 'm-10027', 'm-10028', 'm-10029', 'm-10030', 'm-10031', 'm-10032', 'm-10033', 'm-10034', 'm-10035', 'm-10036', 'm-10037', 'm-10038', 'm-10039', 'm-10040', 'm-10041', 'm-10042', 'm-10043', 'm-10044', 'm-10045', 'm-10046', 'm-10047', 'm-10048', 'm-10049', 'm-10050', 'm-10051', 'm-10052', 'm-10053', 'm-10054', 'm-10055', 'm-10056', 'm-10057', 'm-10058', 'm-10059', 'm-10060', 'm-10061', 'm-10062', 'm-10063', 'm-10064', 'm-10065', 'm-10066', 'm-10067', 'm-10068', 'm-10069', 'm-10070', 'm-10071', 'm-10072', 'm-10073', 'm-10074', 'm-10075', 'm-10076', 'm-10077', 'm-10078', 'm-10079', 'm-10080', 'm-10081', 'm-10082', 'm-10083', 'm-10084', 'm-10085', 'm-10086', 'm-10087', 'm-10088', 'm-10089', 'm-10090', 'm-10091', 'm-10092', 'm-10093', 'm-10094', 'm-10095', 'm-10096', 'm-10097', 'm-10098', 'm-10099', 'm-10100', 'm-10101', 'm-10102', 'm-10103', 'm-10104', 'm-10105', 'm-10106', 'm-10107', 'm-10108', 'm-10109', 'm-10110', 'm-10111', 'm-10112', 'm-10113', 'm-10114', 'm-10115', 'm-10116', 'm-10117', 'm-10118', 'm-10119', 'm-10120', 'm-10121', 'm-10122', 'm-10123', 'm-10124', 'm-10125', 'm-10126', 'm-10127', 'm-10128', 'm-10129', 'm-10130', 'm-10131', 'm-10132', 'm-10133', 'm-10134', 'm-10135', 'm-10136', 'm-10137', 'm-10138', 'm-10139', 'm-10140', 'm-10141', 'm-10142', 'm-10143', 'm-10144', 'm-10145', 'm-10146', 'm-10147', 'm-10148', 'm-10149', 'm-10150', 'm-10151', 'm-10152', 'm-10153', 'm-10154', 'm-10155', 'm-10156', 'm-10157', 'm-10158', 'm-10159', 'm-10160', 'm-10161', 'm-10162', 'm-10163', 'm-10164', 'm-10165', 'm-10166', 'm-10167', 'm-10168', 'm-10169', 'm-10170', 'm-10171', 'm-10172', 'm-10173', 'm-10174', 'm-10175', 'm-10176', 'm-10177', 'm-10178', 'm-10179', 'm-10180', 'm-10181', 'm-10182', 'm-10183', 'm-10184', 'm-10185', 'm-10186', 'm-10187', 'm-10188', 'm-10189', 'm-10190', 'm-10191', 'm-10192', 'm-10193', 'm-10194', 'm-10195', 'm-10196', 'm-10197', 'm-10198', 'm-10199', 'm-10200', 'm-10201', 'm-10202', 'm-10203', 'm-10204', 'm-10205', 'm-10206', 'm-10207', 'm-10208', 'm-10209', 'm-10210', 'm-10211', 'm-10212', 'm-10213', 'm-10214', 'm-10215', 'm-10216', 'm-10217', 'm-10218', 'm-10219', 'm-10220', 'm-10221', 'm-10222', 'm-10223', 'm-10224', 'm-10225', 'm-10226', 'm-10227', 'm-10228', 'm-10229', 'm-10230', 'm-10231', 'm-10232', 'm-10233', 'm-10234', 'm-10235', 'm-10236', 'm-10237', 'm-10238', 'm-10239', 'm-10240', 'm-10241', 'm-10242', 'm-10243', 'm-10244', 'm-10245', 'm-10246', 'm-10247', 'm-10248', 'm-10249', 'm-10250', 'm-10251', 'm-10252', 'm-10253', 'm-10254', 'm-10255', 'm-10256', 'm-10257', 'm-10258', 'm-10259', 'm-10260', 'm-10261', 'm-10262', 'm-10263', 'm-10264', 'm-10265', 'm-10266', 'm-10267', 'm-10268', 'm-10269', 'm-10270', 'm-10271', 'm-10272', 'm-10273', 'm-10274', 'm-10275', 'm-10276', 'm-10277', 'm-10278', 'm-10279', 'm-10280', 'm-10281', 'm-10282', 'm-10283', 'm-10284', 'm-10285', 'm-10286', 'm-10287', 'm-10288', 'm-10289', 'm-10290', 'm-10291', 'm-10292', 'm-10293', 'm-10294', 'm-10295', 'm-10296', 'm-10297', 'm-10298', 'm-10299', 'm-10300', 'm-10401']
2025-05-17 07:49:09 - [m-10401] Attempting to compute cluster key from full state...
2025-05-17 07:49:09 - [m-10401] Computed new cluster key K_cluster (from full state): 294854416903541310885726786025... (took 0.411 ms)
2025-05-17 07:49:09 - [m-10401] [MEMBER] Execution time for key computation (full state): 0.411 ms
2025-05-17 07:49:43 - [m-10401] Starting Member Node: m-10401
2025-05-17 07:49:43 - [m-10401] Loading config: /mnt/workarea/H-SBP/config/hsbp_config.json
2025-05-17 07:49:43 - [m-10401] Loading secrets: /mnt/workarea/H-SBP/config/hsbp_secrets.json
2025-05-17 07:49:43 - [m-10401] Loaded DH params...
2025-05-17 07:49:43 - [m-10401] Loading CH public key: /mnt/workarea/H-SBP/keys/ch1_public.pem
2025-05-17 07:49:43 - [m-10401] Starting node m-10401 as MEMBER in Cluster 1
2025-05-17 07:49:43 - [m-10401] My CH is ch-1. Target CH Address: ('172.16.0.2', 5001)
2025-05-17 07:49:43 - [m-10401] Listening for cluster broadcasts on UDP ('172.16.0.255', 6001)
2025-05-17 07:49:43 - [m-10401] Successfully bound UDP listener to ('172.16.0.255', 6001)
2025-05-17 07:49:43 - [m-10401] Attempt 1: Connecting to CH ch-1 at ('172.16.0.2', 5001)
2025-05-17 07:49:43 - [m-10401] Connected to CH via TCP.
2025-05-17 07:49:43 - [m-10401] Sending ID: ID:m-10401
2025-05-17 07:49:43 - [m-10401] Sending T_i: T_I:16354131599304277393048682360498857597846649150906077184382204293817330923505
2025-05-17 07:49:43 - [m-10401] ID and T_i sent.
2025-05-17 07:49:43 - [m-10401] Listening on UDP ('172.16.0.255', 6001) for cluster messages...
2025-05-17 07:49:43 - [m-10401] Processing KEY_UPDATE from CH...
2025-05-17 07:49:43 - [m-10401] Detected minimal join update format.
2025-05-17 07:49:43 - [m-10401] Computing cluster key as the JOINING member...
2025-05-17 07:49:43 - [m-10401] Computed initial K_cluster as JOINER: 145652896918947215137779059624... (took 0.654 ms)
2025-05-17 07:49:43 - [m-10401] [MEMBER] Execution time for joining key computation: 0.654 ms
2025-05-17 07:49:45 - [m-10401] Received all 40 fragments for message 1747468185.541466. Reassembling...
2025-05-17 07:49:45 - [m-10401] Reassembly successful for 1747468185.541466. Processing.
2025-05-17 07:49:45 - [m-10401] Processing KEY_UPDATE from CH...
2025-05-17 07:49:45 - [m-10401] Processing full state update format.
2025-05-17 07:49:45 - [m-10401] Received Cluster State: Seq=['ch-1', 'm-10001', 'm-10002', 'm-10003', 'm-10004', 'm-10005', 'm-10006', 'm-10007', 'm-10008', 'm-10009', 'm-10010', 'm-10011', 'm-10012', 'm-10013', 'm-10014', 'm-10015', 'm-10016', 'm-10017', 'm-10018', 'm-10019', 'm-10020', 'm-10021', 'm-10022', 'm-10023', 'm-10024', 'm-10025', 'm-10026', 'm-10027', 'm-10028', 'm-10029', 'm-10030', 'm-10031', 'm-10032', 'm-10033', 'm-10034', 'm-10035', 'm-10036', 'm-10037', 'm-10038', 'm-10039', 'm-10040', 'm-10041', 'm-10042', 'm-10043', 'm-10044', 'm-10045', 'm-10046', 'm-10047', 'm-10048', 'm-10049', 'm-10050', 'm-10051', 'm-10052', 'm-10053', 'm-10054', 'm-10055', 'm-10056', 'm-10057', 'm-10058', 'm-10059', 'm-10060', 'm-10061', 'm-10062', 'm-10063', 'm-10064', 'm-10065', 'm-10066', 'm-10067', 'm-10068', 'm-10069', 'm-10070', 'm-10071', 'm-10072', 'm-10073', 'm-10074', 'm-10075', 'm-10076', 'm-10077', 'm-10078', 'm-10079', 'm-10080', 'm-10081', 'm-10082', 'm-10083', 'm-10084', 'm-10085', 'm-10086', 'm-10087', 'm-10088', 'm-10089', 'm-10090', 'm-10091', 'm-10092', 'm-10093', 'm-10094', 'm-10095', 'm-10096', 'm-10097', 'm-10098', 'm-10099', 'm-10100', 'm-10101', 'm-10102', 'm-10103', 'm-10104', 'm-10105', 'm-10106', 'm-10107', 'm-10108', 'm-10109', 'm-10110', 'm-10111', 'm-10112', 'm-10113', 'm-10114', 'm-10115', 'm-10116', 'm-10117', 'm-10118', 'm-10119', 'm-10120', 'm-10121', 'm-10122', 'm-10123', 'm-10124', 'm-10125', 'm-10126', 'm-10127', 'm-10128', 'm-10129', 'm-10130', 'm-10131', 'm-10132', 'm-10133', 'm-10134', 'm-10135', 'm-10136', 'm-10137', 'm-10138', 'm-10139', 'm-10140', 'm-10141', 'm-10142', 'm-10143', 'm-10144', 'm-10145', 'm-10146', 'm-10147', 'm-10148', 'm-10149', 'm-10150', 'm-10151', 'm-10152', 'm-10153', 'm-10154', 'm-10155', 'm-10156', 'm-10157', 'm-10158', 'm-10159', 'm-10160', 'm-10161', 'm-10162', 'm-10163', 'm-10164', 'm-10165', 'm-10166', 'm-10167', 'm-10168', 'm-10169', 'm-10170', 'm-10171', 'm-10172', 'm-10173', 'm-10174', 'm-10175', 'm-10176', 'm-10177', 'm-10178', 'm-10179', 'm-10180', 'm-10181', 'm-10182', 'm-10183', 'm-10184', 'm-10185', 'm-10186', 'm-10187', 'm-10188', 'm-10189', 'm-10190', 'm-10191', 'm-10192', 'm-10193', 'm-10194', 'm-10195', 'm-10196', 'm-10197', 'm-10198', 'm-10199', 'm-10200', 'm-10201', 'm-10202', 'm-10203', 'm-10204', 'm-10205', 'm-10206', 'm-10207', 'm-10208', 'm-10209', 'm-10210', 'm-10211', 'm-10212', 'm-10213', 'm-10214', 'm-10215', 'm-10216', 'm-10217', 'm-10218', 'm-10219', 'm-10220', 'm-10221', 'm-10222', 'm-10223', 'm-10224', 'm-10225', 'm-10226', 'm-10227', 'm-10228', 'm-10229', 'm-10230', 'm-10231', 'm-10232', 'm-10233', 'm-10234', 'm-10235', 'm-10236', 'm-10237', 'm-10238', 'm-10239', 'm-10240', 'm-10241', 'm-10242', 'm-10243', 'm-10244', 'm-10245', 'm-10246', 'm-10247', 'm-10248', 'm-10249', 'm-10250', 'm-10251', 'm-10252', 'm-10253', 'm-10254', 'm-10255', 'm-10256', 'm-10257', 'm-10258', 'm-10259', 'm-10260', 'm-10261', 'm-10262', 'm-10263', 'm-10264', 'm-10265', 'm-10266', 'm-10267', 'm-10268', 'm-10269', 'm-10270', 'm-10271', 'm-10272', 'm-10273', 'm-10274', 'm-10275', 'm-10276', 'm-10277', 'm-10278', 'm-10279', 'm-10280', 'm-10281', 'm-10282', 'm-10283', 'm-10284', 'm-10285', 'm-10286', 'm-10287', 'm-10288', 'm-10289', 'm-10290', 'm-10291', 'm-10292', 'm-10293', 'm-10294', 'm-10295', 'm-10296', 'm-10297', 'm-10298', 'm-10299', 'm-10300', 'm-10401']
2025-05-17 07:49:45 - [m-10401] Attempting to compute cluster key from full state...
2025-05-17 07:49:45 - [m-10401] Computed new cluster key K_cluster (from full state): 294854416903541310885726786025... (took 0.322 ms)
2025-05-17 07:49:45 - [m-10401] [MEMBER] Execution time for key computation (full state): 0.322 ms
